2024/03/05 11:07:17 [notice] 1#1: using the "epoll" event method
2024/03/05 11:07:17 [notice] 1#1: nginx/1.25.4
2024/03/05 11:07:17 [notice] 1#1: built by gcc 12.2.1 20220924 (Alpine 12.2.1_git20220924-r10) 
2024/03/05 11:07:17 [notice] 1#1: OS: Linux 5.15.0-97-generic
2024/03/05 11:07:17 [notice] 1#1: getrlimit(RLIMIT_NOFILE): 1048576:1048576
2024/03/05 11:07:17 [notice] 1#1: start worker processes
2024/03/05 11:07:17 [notice] 1#1: start worker process 29
2024/03/05 11:07:17 [notice] 1#1: start worker process 30
2024/03/05 11:07:17 [notice] 1#1: start worker process 31
2024/03/05 11:07:17 [notice] 1#1: start worker process 32
2024/03/05 11:07:17 [notice] 1#1: start worker process 33
2024/03/05 11:07:17 [notice] 1#1: start worker process 34
2024/03/05 11:07:17 [notice] 1#1: start worker process 35
2024/03/05 11:07:17 [notice] 1#1: start worker process 36
2024/03/05 11:07:17 [notice] 1#1: start worker process 37
2024/03/05 11:07:17 [notice] 1#1: start worker process 38
2024/03/05 11:07:17 [notice] 1#1: start worker process 39
2024/03/05 11:07:17 [notice] 1#1: start worker process 40
2024/03/05 11:07:17 [notice] 1#1: start worker process 41
2024/03/05 11:07:17 [notice] 1#1: start worker process 42
2024/03/05 11:07:17 [notice] 1#1: start worker process 43
2024/03/05 11:07:17 [notice] 1#1: start worker process 44
2024/03/05 11:16:42 [notice] 1#1: signal 3 (SIGQUIT) received, shutting down
2024/03/05 11:16:42 [notice] 29#29: gracefully shutting down
2024/03/05 11:16:42 [notice] 31#31: gracefully shutting down
2024/03/05 11:16:42 [notice] 32#32: gracefully shutting down
2024/03/05 11:16:42 [notice] 29#29: exiting
2024/03/05 11:16:42 [notice] 30#30: gracefully shutting down
2024/03/05 11:16:42 [notice] 37#37: gracefully shutting down
2024/03/05 11:16:42 [notice] 34#34: gracefully shutting down
2024/03/05 11:16:42 [notice] 35#35: gracefully shutting down
2024/03/05 11:16:42 [notice] 33#33: gracefully shutting down
2024/03/05 11:16:42 [notice] 32#32: exiting
2024/03/05 11:16:42 [notice] 30#30: exiting
2024/03/05 11:16:42 [notice] 39#39: gracefully shutting down
2024/03/05 11:16:42 [notice] 37#37: exiting
2024/03/05 11:16:42 [notice] 38#38: gracefully shutting down
2024/03/05 11:16:42 [notice] 43#43: gracefully shutting down
2024/03/05 11:16:42 [notice] 34#34: exiting
2024/03/05 11:16:42 [notice] 42#42: gracefully shutting down
2024/03/05 11:16:42 [notice] 41#41: gracefully shutting down
2024/03/05 11:16:42 [notice] 36#36: gracefully shutting down
2024/03/05 11:16:42 [notice] 44#44: gracefully shutting down
2024/03/05 11:16:42 [notice] 35#35: exiting
2024/03/05 11:16:42 [notice] 33#33: exiting
2024/03/05 11:16:42 [notice] 39#39: exiting
2024/03/05 11:16:42 [notice] 38#38: exiting
2024/03/05 11:16:42 [notice] 31#31: exiting
2024/03/05 11:16:42 [notice] 43#43: exiting
2024/03/05 11:16:42 [notice] 42#42: exiting
2024/03/05 11:16:42 [notice] 41#41: exiting
2024/03/05 11:16:42 [notice] 36#36: exiting
2024/03/05 11:16:42 [notice] 44#44: exiting
2024/03/05 11:16:42 [notice] 29#29: exit
2024/03/05 11:16:42 [notice] 32#32: exit
2024/03/05 11:16:42 [notice] 30#30: exit
2024/03/05 11:16:42 [notice] 37#37: exit
2024/03/05 11:16:42 [notice] 34#34: exit
2024/03/05 11:16:42 [notice] 31#31: exit
2024/03/05 11:16:42 [notice] 38#38: exit
2024/03/05 11:16:42 [notice] 35#35: exit
2024/03/05 11:16:42 [notice] 42#42: exit
2024/03/05 11:16:42 [notice] 33#33: exit
2024/03/05 11:16:42 [notice] 41#41: exit
2024/03/05 11:16:42 [notice] 43#43: exit
2024/03/05 11:16:42 [notice] 36#36: exit
2024/03/05 11:16:42 [notice] 44#44: exit
2024/03/05 11:16:42 [notice] 39#39: exit
2024/03/05 11:16:42 [notice] 40#40: gracefully shutting down
2024/03/05 11:16:42 [notice] 40#40: exiting
2024/03/05 11:16:42 [notice] 40#40: exit
2024/03/05 11:16:42 [notice] 1#1: signal 17 (SIGCHLD) received from 32
2024/03/05 11:16:42 [notice] 1#1: worker process 32 exited with code 0
2024/03/05 11:16:42 [notice] 1#1: worker process 36 exited with code 0
2024/03/05 11:16:42 [notice] 1#1: worker process 37 exited with code 0
2024/03/05 11:16:42 [notice] 1#1: worker process 41 exited with code 0
2024/03/05 11:16:42 [notice] 1#1: signal 29 (SIGIO) received
2024/03/05 11:16:42 [notice] 1#1: signal 17 (SIGCHLD) received from 36
2024/03/05 11:16:42 [notice] 1#1: worker process 33 exited with code 0
2024/03/05 11:16:42 [notice] 1#1: signal 29 (SIGIO) received
2024/03/05 11:16:42 [notice] 1#1: signal 17 (SIGCHLD) received from 34
2024/03/05 11:16:42 [notice] 1#1: worker process 34 exited with code 0
2024/03/05 11:16:42 [notice] 1#1: signal 29 (SIGIO) received
2024/03/05 11:16:42 [notice] 1#1: signal 17 (SIGCHLD) received from 38
2024/03/05 11:16:42 [notice] 1#1: worker process 38 exited with code 0
2024/03/05 11:16:42 [notice] 1#1: worker process 29 exited with code 0
2024/03/05 11:16:42 [notice] 1#1: signal 29 (SIGIO) received
2024/03/05 11:16:42 [notice] 1#1: signal 17 (SIGCHLD) received from 29
2024/03/05 11:16:42 [notice] 1#1: signal 17 (SIGCHLD) received from 44
2024/03/05 11:16:42 [notice] 1#1: worker process 44 exited with code 0
2024/03/05 11:16:42 [notice] 1#1: signal 29 (SIGIO) received
2024/03/05 11:16:42 [notice] 1#1: signal 17 (SIGCHLD) received from 40
2024/03/05 11:16:42 [notice] 1#1: worker process 40 exited with code 0
2024/03/05 11:16:42 [notice] 1#1: signal 29 (SIGIO) received
2024/03/05 11:16:42 [notice] 1#1: signal 17 (SIGCHLD) received from 43
2024/03/05 11:16:42 [notice] 1#1: worker process 43 exited with code 0
2024/03/05 11:16:42 [notice] 1#1: signal 29 (SIGIO) received
2024/03/05 11:16:42 [notice] 1#1: signal 17 (SIGCHLD) received from 31
2024/03/05 11:16:42 [notice] 1#1: worker process 31 exited with code 0
2024/03/05 11:16:42 [notice] 1#1: signal 29 (SIGIO) received
2024/03/05 11:16:42 [notice] 1#1: signal 17 (SIGCHLD) received from 35
2024/03/05 11:16:42 [notice] 1#1: worker process 35 exited with code 0
2024/03/05 11:16:42 [notice] 1#1: signal 29 (SIGIO) received
2024/03/05 11:16:42 [notice] 1#1: signal 17 (SIGCHLD) received from 39
2024/03/05 11:16:42 [notice] 1#1: worker process 39 exited with code 0
2024/03/05 11:16:42 [notice] 1#1: signal 29 (SIGIO) received
2024/03/05 11:16:42 [notice] 1#1: signal 17 (SIGCHLD) received from 42
2024/03/05 11:16:42 [notice] 1#1: worker process 42 exited with code 0
2024/03/05 11:16:42 [notice] 1#1: signal 29 (SIGIO) received
2024/03/05 11:16:42 [notice] 1#1: signal 17 (SIGCHLD) received from 30
2024/03/05 11:16:42 [notice] 1#1: worker process 30 exited with code 0
2024/03/05 11:16:42 [notice] 1#1: exit
2024/03/05 11:17:56 [notice] 1#1: using the "epoll" event method
2024/03/05 11:17:56 [notice] 1#1: nginx/1.25.4
2024/03/05 11:17:56 [notice] 1#1: built by gcc 12.2.1 20220924 (Alpine 12.2.1_git20220924-r10) 
2024/03/05 11:17:56 [notice] 1#1: OS: Linux 5.15.0-97-generic
2024/03/05 11:17:56 [notice] 1#1: getrlimit(RLIMIT_NOFILE): 1048576:1048576
2024/03/05 11:17:56 [notice] 1#1: start worker processes
2024/03/05 11:17:56 [notice] 1#1: start worker process 29
2024/03/05 11:17:56 [notice] 1#1: start worker process 30
2024/03/05 11:17:56 [notice] 1#1: start worker process 31
2024/03/05 11:17:56 [notice] 1#1: start worker process 32
2024/03/05 11:17:56 [notice] 1#1: start worker process 33
2024/03/05 11:17:56 [notice] 1#1: start worker process 34
2024/03/05 11:17:56 [notice] 1#1: start worker process 35
2024/03/05 11:17:56 [notice] 1#1: start worker process 36
2024/03/05 11:17:56 [notice] 1#1: start worker process 37
2024/03/05 11:17:56 [notice] 1#1: start worker process 38
2024/03/05 11:17:56 [notice] 1#1: start worker process 39
2024/03/05 11:17:56 [notice] 1#1: start worker process 40
2024/03/05 11:17:56 [notice] 1#1: start worker process 41
2024/03/05 11:17:56 [notice] 1#1: start worker process 42
2024/03/05 11:17:56 [notice] 1#1: start worker process 43
2024/03/05 11:17:56 [notice] 1#1: start worker process 44
2024/03/05 11:20:07 [notice] 1#1: signal 3 (SIGQUIT) received, shutting down
2024/03/05 11:20:07 [notice] 29#29: gracefully shutting down
2024/03/05 11:20:07 [notice] 31#31: gracefully shutting down
2024/03/05 11:20:07 [notice] 30#30: gracefully shutting down
2024/03/05 11:20:07 [notice] 33#33: gracefully shutting down
2024/03/05 11:20:07 [notice] 34#34: gracefully shutting down
2024/03/05 11:20:07 [notice] 35#35: gracefully shutting down
2024/03/05 11:20:07 [notice] 36#36: gracefully shutting down
2024/03/05 11:20:07 [notice] 29#29: exiting
2024/03/05 11:20:07 [notice] 31#31: exiting
2024/03/05 11:20:07 [notice] 37#37: gracefully shutting down
2024/03/05 11:20:07 [notice] 40#40: gracefully shutting down
2024/03/05 11:20:07 [notice] 30#30: exiting
2024/03/05 11:20:07 [notice] 32#32: gracefully shutting down
2024/03/05 11:20:07 [notice] 33#33: exiting
2024/03/05 11:20:07 [notice] 34#34: exiting
2024/03/05 11:20:07 [notice] 41#41: gracefully shutting down
2024/03/05 11:20:07 [notice] 43#43: gracefully shutting down
2024/03/05 11:20:07 [notice] 39#39: gracefully shutting down
2024/03/05 11:20:07 [notice] 35#35: exiting
2024/03/05 11:20:07 [notice] 36#36: exiting
2024/03/05 11:20:07 [notice] 37#37: exiting
2024/03/05 11:20:07 [notice] 40#40: exiting
2024/03/05 11:20:07 [notice] 43#43: exiting
2024/03/05 11:20:07 [notice] 32#32: exiting
2024/03/05 11:20:07 [notice] 41#41: exiting
2024/03/05 11:20:07 [notice] 39#39: exiting
2024/03/05 11:20:07 [notice] 29#29: exit
2024/03/05 11:20:07 [notice] 31#31: exit
2024/03/05 11:20:07 [notice] 30#30: exit
2024/03/05 11:20:07 [notice] 34#34: exit
2024/03/05 11:20:07 [notice] 33#33: exit
2024/03/05 11:20:07 [notice] 35#35: exit
2024/03/05 11:20:07 [notice] 41#41: exit
2024/03/05 11:20:07 [notice] 36#36: exit
2024/03/05 11:20:07 [notice] 40#40: exit
2024/03/05 11:20:07 [notice] 39#39: exit
2024/03/05 11:20:07 [notice] 37#37: exit
2024/03/05 11:20:07 [notice] 32#32: exit
2024/03/05 11:20:07 [notice] 38#38: gracefully shutting down
2024/03/05 11:20:07 [notice] 43#43: exit
2024/03/05 11:20:07 [notice] 38#38: exiting
2024/03/05 11:20:07 [notice] 42#42: gracefully shutting down
2024/03/05 11:20:07 [notice] 42#42: exiting
2024/03/05 11:20:07 [notice] 38#38: exit
2024/03/05 11:20:07 [notice] 42#42: exit
2024/03/05 11:20:07 [notice] 44#44: gracefully shutting down
2024/03/05 11:20:07 [notice] 44#44: exiting
2024/03/05 11:20:07 [notice] 44#44: exit
2024/03/05 11:20:07 [notice] 1#1: signal 17 (SIGCHLD) received from 40
2024/03/05 11:20:07 [notice] 1#1: worker process 40 exited with code 0
2024/03/05 11:20:07 [notice] 1#1: signal 29 (SIGIO) received
2024/03/05 11:20:07 [notice] 1#1: signal 17 (SIGCHLD) received from 29
2024/03/05 11:20:07 [notice] 1#1: worker process 29 exited with code 0
2024/03/05 11:20:07 [notice] 1#1: signal 29 (SIGIO) received
2024/03/05 11:20:07 [notice] 1#1: signal 17 (SIGCHLD) received from 33
2024/03/05 11:20:07 [notice] 1#1: worker process 33 exited with code 0
2024/03/05 11:20:07 [notice] 1#1: signal 29 (SIGIO) received
2024/03/05 11:20:07 [notice] 1#1: signal 17 (SIGCHLD) received from 42
2024/03/05 11:20:07 [notice] 1#1: worker process 42 exited with code 0
2024/03/05 11:20:07 [notice] 1#1: signal 29 (SIGIO) received
2024/03/05 11:20:07 [notice] 1#1: signal 17 (SIGCHLD) received from 37
2024/03/05 11:20:07 [notice] 1#1: worker process 37 exited with code 0
2024/03/05 11:20:07 [notice] 1#1: worker process 44 exited with code 0
2024/03/05 11:20:07 [notice] 1#1: signal 29 (SIGIO) received
2024/03/05 11:20:07 [notice] 1#1: signal 17 (SIGCHLD) received from 34
2024/03/05 11:20:07 [notice] 1#1: worker process 34 exited with code 0
2024/03/05 11:20:07 [notice] 1#1: signal 29 (SIGIO) received
2024/03/05 11:20:07 [notice] 1#1: signal 17 (SIGCHLD) received from 30
2024/03/05 11:20:07 [notice] 1#1: worker process 30 exited with code 0
2024/03/05 11:20:07 [notice] 1#1: signal 29 (SIGIO) received
2024/03/05 11:20:07 [notice] 1#1: signal 17 (SIGCHLD) received from 39
2024/03/05 11:20:07 [notice] 1#1: worker process 36 exited with code 0
2024/03/05 11:20:07 [notice] 1#1: worker process 39 exited with code 0
2024/03/05 11:20:07 [notice] 1#1: signal 29 (SIGIO) received
2024/03/05 11:20:07 [notice] 1#1: signal 17 (SIGCHLD) received from 35
2024/03/05 11:20:07 [notice] 1#1: worker process 35 exited with code 0
2024/03/05 11:20:07 [notice] 1#1: signal 29 (SIGIO) received
2024/03/05 11:20:07 [notice] 1#1: signal 17 (SIGCHLD) received from 31
2024/03/05 11:20:07 [notice] 1#1: worker process 31 exited with code 0
2024/03/05 11:20:07 [notice] 1#1: signal 29 (SIGIO) received
2024/03/05 11:20:07 [notice] 1#1: signal 17 (SIGCHLD) received from 41
2024/03/05 11:20:07 [notice] 1#1: worker process 41 exited with code 0
2024/03/05 11:20:07 [notice] 1#1: signal 29 (SIGIO) received
2024/03/05 11:20:07 [notice] 1#1: signal 17 (SIGCHLD) received from 32
2024/03/05 11:20:07 [notice] 1#1: worker process 32 exited with code 0
2024/03/05 11:20:07 [notice] 1#1: signal 29 (SIGIO) received
2024/03/05 11:20:07 [notice] 1#1: signal 17 (SIGCHLD) received from 43
2024/03/05 11:20:07 [notice] 1#1: worker process 43 exited with code 0
2024/03/05 11:20:07 [notice] 1#1: signal 29 (SIGIO) received
2024/03/05 11:20:07 [notice] 1#1: signal 17 (SIGCHLD) received from 38
2024/03/05 11:20:07 [notice] 1#1: worker process 38 exited with code 0
2024/03/05 11:20:07 [notice] 1#1: exit
2024/03/05 11:20:17 [notice] 1#1: using the "epoll" event method
2024/03/05 11:20:17 [notice] 1#1: nginx/1.25.4
2024/03/05 11:20:17 [notice] 1#1: built by gcc 12.2.1 20220924 (Alpine 12.2.1_git20220924-r10) 
2024/03/05 11:20:17 [notice] 1#1: OS: Linux 5.15.0-97-generic
2024/03/05 11:20:17 [notice] 1#1: getrlimit(RLIMIT_NOFILE): 1048576:1048576
2024/03/05 11:20:17 [notice] 1#1: start worker processes
2024/03/05 11:20:17 [notice] 1#1: start worker process 29
2024/03/05 11:20:17 [notice] 1#1: start worker process 30
2024/03/05 11:20:17 [notice] 1#1: start worker process 31
2024/03/05 11:20:17 [notice] 1#1: start worker process 32
2024/03/05 11:20:17 [notice] 1#1: start worker process 33
2024/03/05 11:20:17 [notice] 1#1: start worker process 34
2024/03/05 11:20:17 [notice] 1#1: start worker process 35
2024/03/05 11:20:17 [notice] 1#1: start worker process 36
2024/03/05 11:20:17 [notice] 1#1: start worker process 37
2024/03/05 11:20:17 [notice] 1#1: start worker process 38
2024/03/05 11:20:17 [notice] 1#1: start worker process 39
2024/03/05 11:20:17 [notice] 1#1: start worker process 40
2024/03/05 11:20:17 [notice] 1#1: start worker process 41
2024/03/05 11:20:17 [notice] 1#1: start worker process 42
2024/03/05 11:20:17 [notice] 1#1: start worker process 43
2024/03/05 11:20:17 [notice] 1#1: start worker process 44
2024/03/05 11:22:03 [notice] 1#1: signal 3 (SIGQUIT) received, shutting down
2024/03/05 11:22:03 [notice] 29#29: gracefully shutting down
2024/03/05 11:22:03 [notice] 33#33: gracefully shutting down
2024/03/05 11:22:03 [notice] 34#34: gracefully shutting down
2024/03/05 11:22:03 [notice] 31#31: gracefully shutting down
2024/03/05 11:22:03 [notice] 30#30: gracefully shutting down
2024/03/05 11:22:03 [notice] 32#32: gracefully shutting down
2024/03/05 11:22:03 [notice] 35#35: gracefully shutting down
2024/03/05 11:22:03 [notice] 33#33: exiting
2024/03/05 11:22:03 [notice] 29#29: exiting
2024/03/05 11:22:03 [notice] 34#34: exiting
2024/03/05 11:22:03 [notice] 42#42: gracefully shutting down
2024/03/05 11:22:03 [notice] 41#41: gracefully shutting down
2024/03/05 11:22:03 [notice] 31#31: exiting
2024/03/05 11:22:03 [notice] 39#39: gracefully shutting down
2024/03/05 11:22:03 [notice] 40#40: gracefully shutting down
2024/03/05 11:22:03 [notice] 30#30: exiting
2024/03/05 11:22:03 [notice] 44#44: gracefully shutting down
2024/03/05 11:22:03 [notice] 36#36: gracefully shutting down
2024/03/05 11:22:03 [notice] 32#32: exiting
2024/03/05 11:22:03 [notice] 35#35: exiting
2024/03/05 11:22:03 [notice] 42#42: exiting
2024/03/05 11:22:03 [notice] 41#41: exiting
2024/03/05 11:22:03 [notice] 39#39: exiting
2024/03/05 11:22:03 [notice] 40#40: exiting
2024/03/05 11:22:03 [notice] 44#44: exiting
2024/03/05 11:22:03 [notice] 34#34: exit
2024/03/05 11:22:03 [notice] 36#36: exiting
2024/03/05 11:22:03 [notice] 33#33: exit
2024/03/05 11:22:03 [notice] 43#43: gracefully shutting down
2024/03/05 11:22:03 [notice] 43#43: exiting
2024/03/05 11:22:03 [notice] 29#29: exit
2024/03/05 11:22:03 [notice] 31#31: exit
2024/03/05 11:22:03 [notice] 30#30: exit
2024/03/05 11:22:03 [notice] 42#42: exit
2024/03/05 11:22:03 [notice] 36#36: exit
2024/03/05 11:22:03 [notice] 44#44: exit
2024/03/05 11:22:03 [notice] 32#32: exit
2024/03/05 11:22:03 [notice] 39#39: exit
2024/03/05 11:22:03 [notice] 35#35: exit
2024/03/05 11:22:03 [notice] 41#41: exit
2024/03/05 11:22:03 [notice] 40#40: exit
2024/03/05 11:22:03 [notice] 43#43: exit
2024/03/05 11:22:03 [notice] 38#38: gracefully shutting down
2024/03/05 11:22:03 [notice] 38#38: exiting
2024/03/05 11:22:03 [notice] 37#37: gracefully shutting down
2024/03/05 11:22:03 [notice] 37#37: exiting
2024/03/05 11:22:03 [notice] 37#37: exit
2024/03/05 11:22:03 [notice] 38#38: exit
2024/03/05 11:22:03 [notice] 1#1: signal 17 (SIGCHLD) received from 36
2024/03/05 11:22:03 [notice] 1#1: worker process 32 exited with code 0
2024/03/05 11:22:03 [notice] 1#1: worker process 36 exited with code 0
2024/03/05 11:22:03 [notice] 1#1: worker process 42 exited with code 0
2024/03/05 11:22:03 [notice] 1#1: signal 29 (SIGIO) received
2024/03/05 11:22:03 [notice] 1#1: signal 17 (SIGCHLD) received from 32
2024/03/05 11:22:03 [notice] 1#1: worker process 29 exited with code 0
2024/03/05 11:22:03 [notice] 1#1: worker process 31 exited with code 0
2024/03/05 11:22:03 [notice] 1#1: signal 29 (SIGIO) received
2024/03/05 11:22:03 [notice] 1#1: signal 17 (SIGCHLD) received from 33
2024/03/05 11:22:03 [notice] 1#1: worker process 33 exited with code 0
2024/03/05 11:22:03 [notice] 1#1: signal 29 (SIGIO) received
2024/03/05 11:22:03 [notice] 1#1: signal 17 (SIGCHLD) received from 30
2024/03/05 11:22:03 [notice] 1#1: worker process 30 exited with code 0
2024/03/05 11:22:03 [notice] 1#1: signal 29 (SIGIO) received
2024/03/05 11:22:03 [notice] 1#1: signal 17 (SIGCHLD) received from 35
2024/03/05 11:22:03 [notice] 1#1: worker process 35 exited with code 0
2024/03/05 11:22:03 [notice] 1#1: worker process 41 exited with code 0
2024/03/05 11:22:03 [notice] 1#1: signal 29 (SIGIO) received
2024/03/05 11:22:03 [notice] 1#1: signal 17 (SIGCHLD) received from 41
2024/03/05 11:22:03 [notice] 1#1: signal 17 (SIGCHLD) received from 38
2024/03/05 11:22:03 [notice] 1#1: worker process 38 exited with code 0
2024/03/05 11:22:03 [notice] 1#1: signal 29 (SIGIO) received
2024/03/05 11:22:03 [notice] 1#1: signal 17 (SIGCHLD) received from 40
2024/03/05 11:22:03 [notice] 1#1: worker process 40 exited with code 0
2024/03/05 11:22:03 [notice] 1#1: signal 29 (SIGIO) received
2024/03/05 11:22:03 [notice] 1#1: signal 17 (SIGCHLD) received from 43
2024/03/05 11:22:03 [notice] 1#1: worker process 43 exited with code 0
2024/03/05 11:22:03 [notice] 1#1: signal 29 (SIGIO) received
2024/03/05 11:22:03 [notice] 1#1: signal 17 (SIGCHLD) received from 34
2024/03/05 11:22:03 [notice] 1#1: worker process 34 exited with code 0
2024/03/05 11:22:03 [notice] 1#1: signal 29 (SIGIO) received
2024/03/05 11:22:03 [notice] 1#1: signal 17 (SIGCHLD) received from 37
2024/03/05 11:22:03 [notice] 1#1: worker process 37 exited with code 0
2024/03/05 11:22:03 [notice] 1#1: signal 29 (SIGIO) received
2024/03/05 11:22:03 [notice] 1#1: signal 17 (SIGCHLD) received from 44
2024/03/05 11:22:03 [notice] 1#1: worker process 44 exited with code 0
2024/03/05 11:22:03 [notice] 1#1: signal 29 (SIGIO) received
2024/03/05 11:22:03 [notice] 1#1: signal 17 (SIGCHLD) received from 39
2024/03/05 11:22:03 [notice] 1#1: worker process 39 exited with code 0
2024/03/05 11:22:03 [notice] 1#1: exit
2024/03/05 11:22:04 [notice] 1#1: using the "epoll" event method
2024/03/05 11:22:04 [notice] 1#1: nginx/1.25.4
2024/03/05 11:22:04 [notice] 1#1: built by gcc 12.2.1 20220924 (Alpine 12.2.1_git20220924-r10) 
2024/03/05 11:22:04 [notice] 1#1: OS: Linux 5.15.0-97-generic
2024/03/05 11:22:04 [notice] 1#1: getrlimit(RLIMIT_NOFILE): 1048576:1048576
2024/03/05 11:22:04 [notice] 1#1: start worker processes
2024/03/05 11:22:04 [notice] 1#1: start worker process 29
2024/03/05 11:22:04 [notice] 1#1: start worker process 30
2024/03/05 11:22:04 [notice] 1#1: start worker process 31
2024/03/05 11:22:04 [notice] 1#1: start worker process 32
2024/03/05 11:22:04 [notice] 1#1: start worker process 33
2024/03/05 11:22:04 [notice] 1#1: start worker process 34
2024/03/05 11:22:04 [notice] 1#1: start worker process 35
2024/03/05 11:22:04 [notice] 1#1: start worker process 36
2024/03/05 11:22:04 [notice] 1#1: start worker process 37
2024/03/05 11:22:04 [notice] 1#1: start worker process 38
2024/03/05 11:22:04 [notice] 1#1: start worker process 39
2024/03/05 11:22:04 [notice] 1#1: start worker process 40
2024/03/05 11:22:04 [notice] 1#1: start worker process 41
2024/03/05 11:22:04 [notice] 1#1: start worker process 42
2024/03/05 11:22:04 [notice] 1#1: start worker process 43
2024/03/05 11:22:04 [notice] 1#1: start worker process 44
2024/03/05 11:22:35 [error] 32#32: *5 FastCGI sent in stderr: "Primary script unknown" while reading response header from upstream, client: 172.29.0.1, server: localhost, request: "GET /js/messages.php?l=en&v=5.2.1 HTTP/1.1", upstream: "fastcgi://172.29.0.2:9000", host: "localhost:8000"
2024/03/05 11:22:36 [error] 35#35: *8 FastCGI sent in stderr: "Primary script unknown" while reading response header from upstream, client: 172.29.0.1, server: localhost, request: "GET /js/messages.php?l=en&v=5.2.1 HTTP/1.1", upstream: "fastcgi://172.29.0.2:9000", host: "localhost:8000"
2024/03/05 11:22:51 [error] 34#34: *7 FastCGI sent in stderr: "Primary script unknown" while reading response header from upstream, client: 172.29.0.1, server: localhost, request: "GET /js/messages.php?l=en&v=5.2.1 HTTP/1.1", upstream: "fastcgi://172.29.0.2:9000", host: "localhost:8000"
2024/03/05 11:26:27 [notice] 1#1: signal 3 (SIGQUIT) received, shutting down
2024/03/05 11:26:27 [notice] 29#29: gracefully shutting down
2024/03/05 11:26:27 [notice] 30#30: gracefully shutting down
2024/03/05 11:26:27 [notice] 33#33: gracefully shutting down
2024/03/05 11:26:27 [notice] 31#31: gracefully shutting down
2024/03/05 11:26:27 [notice] 36#36: gracefully shutting down
2024/03/05 11:26:27 [notice] 29#29: exiting
2024/03/05 11:26:27 [notice] 35#35: gracefully shutting down
2024/03/05 11:26:27 [notice] 39#39: gracefully shutting down
2024/03/05 11:26:27 [notice] 30#30: exiting
2024/03/05 11:26:27 [notice] 38#38: gracefully shutting down
2024/03/05 11:26:27 [notice] 33#33: exiting
2024/03/05 11:26:27 [notice] 31#31: exiting
2024/03/05 11:26:27 [notice] 34#34: gracefully shutting down
2024/03/05 11:26:27 [notice] 37#37: gracefully shutting down
2024/03/05 11:26:27 [notice] 41#41: gracefully shutting down
2024/03/05 11:26:27 [notice] 36#36: exiting
2024/03/05 11:26:27 [notice] 32#32: gracefully shutting down
2024/03/05 11:26:27 [notice] 35#35: exiting
2024/03/05 11:26:27 [notice] 39#39: exiting
2024/03/05 11:26:27 [notice] 38#38: exiting
2024/03/05 11:26:27 [notice] 34#34: exiting
2024/03/05 11:26:27 [notice] 41#41: exiting
2024/03/05 11:26:27 [notice] 37#37: exiting
2024/03/05 11:26:27 [notice] 32#32: exiting
2024/03/05 11:26:27 [notice] 30#30: exit
2024/03/05 11:26:27 [notice] 29#29: exit
2024/03/05 11:26:27 [notice] 33#33: exit
2024/03/05 11:26:27 [notice] 44#44: gracefully shutting down
2024/03/05 11:26:27 [notice] 31#31: exit
2024/03/05 11:26:27 [notice] 36#36: exit
2024/03/05 11:26:27 [notice] 41#41: exit
2024/03/05 11:26:27 [notice] 35#35: exit
2024/03/05 11:26:27 [notice] 39#39: exit
2024/03/05 11:26:27 [notice] 38#38: exit
2024/03/05 11:26:27 [notice] 32#32: exit
2024/03/05 11:26:27 [notice] 37#37: exit
2024/03/05 11:26:27 [notice] 34#34: exit
2024/03/05 11:26:27 [notice] 44#44: exiting
2024/03/05 11:26:27 [notice] 43#43: gracefully shutting down
2024/03/05 11:26:27 [notice] 43#43: exiting
2024/03/05 11:26:27 [notice] 43#43: exit
2024/03/05 11:26:27 [notice] 44#44: exit
2024/03/05 11:26:27 [notice] 42#42: gracefully shutting down
2024/03/05 11:26:27 [notice] 42#42: exiting
2024/03/05 11:26:27 [notice] 42#42: exit
2024/03/05 11:26:27 [notice] 40#40: gracefully shutting down
2024/03/05 11:26:27 [notice] 40#40: exiting
2024/03/05 11:26:27 [notice] 40#40: exit
2024/03/05 11:26:28 [notice] 1#1: signal 17 (SIGCHLD) received from 37
2024/03/05 11:26:28 [notice] 1#1: worker process 37 exited with code 0
2024/03/05 11:26:28 [notice] 1#1: signal 29 (SIGIO) received
2024/03/05 11:26:28 [notice] 1#1: signal 17 (SIGCHLD) received from 39
2024/03/05 11:26:28 [notice] 1#1: worker process 39 exited with code 0
2024/03/05 11:26:28 [notice] 1#1: worker process 40 exited with code 0
2024/03/05 11:26:28 [notice] 1#1: signal 29 (SIGIO) received
2024/03/05 11:26:28 [notice] 1#1: signal 17 (SIGCHLD) received from 35
2024/03/05 11:26:28 [notice] 1#1: worker process 35 exited with code 0
2024/03/05 11:26:28 [notice] 1#1: signal 29 (SIGIO) received
2024/03/05 11:26:28 [notice] 1#1: signal 17 (SIGCHLD) received from 42
2024/03/05 11:26:28 [notice] 1#1: worker process 30 exited with code 0
2024/03/05 11:26:28 [notice] 1#1: worker process 42 exited with code 0
2024/03/05 11:26:28 [notice] 1#1: signal 29 (SIGIO) received
2024/03/05 11:26:28 [notice] 1#1: signal 17 (SIGCHLD) received from 31
2024/03/05 11:26:28 [notice] 1#1: worker process 31 exited with code 0
2024/03/05 11:26:28 [notice] 1#1: signal 29 (SIGIO) received
2024/03/05 11:26:28 [notice] 1#1: signal 17 (SIGCHLD) received from 38
2024/03/05 11:26:28 [notice] 1#1: worker process 38 exited with code 0
2024/03/05 11:26:28 [notice] 1#1: signal 29 (SIGIO) received
2024/03/05 11:26:28 [notice] 1#1: signal 17 (SIGCHLD) received from 32
2024/03/05 11:26:28 [notice] 1#1: worker process 32 exited with code 0
2024/03/05 11:26:28 [notice] 1#1: worker process 33 exited with code 0
2024/03/05 11:26:28 [notice] 1#1: signal 29 (SIGIO) received
2024/03/05 11:26:28 [notice] 1#1: signal 17 (SIGCHLD) received from 29
2024/03/05 11:26:28 [notice] 1#1: worker process 29 exited with code 0
2024/03/05 11:26:28 [notice] 1#1: worker process 44 exited with code 0
2024/03/05 11:26:28 [notice] 1#1: signal 29 (SIGIO) received
2024/03/05 11:26:28 [notice] 1#1: signal 17 (SIGCHLD) received from 41
2024/03/05 11:26:28 [notice] 1#1: worker process 41 exited with code 0
2024/03/05 11:26:28 [notice] 1#1: signal 29 (SIGIO) received
2024/03/05 11:26:28 [notice] 1#1: signal 17 (SIGCHLD) received from 36
2024/03/05 11:26:28 [notice] 1#1: worker process 36 exited with code 0
2024/03/05 11:26:28 [notice] 1#1: signal 29 (SIGIO) received
2024/03/05 11:26:28 [notice] 1#1: signal 17 (SIGCHLD) received from 43
2024/03/05 11:26:28 [notice] 1#1: worker process 43 exited with code 0
2024/03/05 11:26:28 [notice] 1#1: signal 29 (SIGIO) received
2024/03/05 11:26:28 [notice] 1#1: signal 17 (SIGCHLD) received from 34
2024/03/05 11:26:28 [notice] 1#1: worker process 34 exited with code 0
2024/03/05 11:26:28 [notice] 1#1: exit
2024/03/05 11:26:29 [notice] 1#1: using the "epoll" event method
2024/03/05 11:26:29 [notice] 1#1: nginx/1.25.4
2024/03/05 11:26:29 [notice] 1#1: built by gcc 12.2.1 20220924 (Alpine 12.2.1_git20220924-r10) 
2024/03/05 11:26:29 [notice] 1#1: OS: Linux 5.15.0-97-generic
2024/03/05 11:26:29 [notice] 1#1: getrlimit(RLIMIT_NOFILE): 1048576:1048576
2024/03/05 11:26:29 [notice] 1#1: start worker processes
2024/03/05 11:26:29 [notice] 1#1: start worker process 29
2024/03/05 11:26:29 [notice] 1#1: start worker process 30
2024/03/05 11:26:29 [notice] 1#1: start worker process 31
2024/03/05 11:26:29 [notice] 1#1: start worker process 32
2024/03/05 11:26:29 [notice] 1#1: start worker process 33
2024/03/05 11:26:29 [notice] 1#1: start worker process 34
2024/03/05 11:26:29 [notice] 1#1: start worker process 35
2024/03/05 11:26:29 [notice] 1#1: start worker process 36
2024/03/05 11:26:29 [notice] 1#1: start worker process 37
2024/03/05 11:26:29 [notice] 1#1: start worker process 38
2024/03/05 11:26:29 [notice] 1#1: start worker process 39
2024/03/05 11:26:29 [notice] 1#1: start worker process 40
2024/03/05 11:26:29 [notice] 1#1: start worker process 41
2024/03/05 11:26:29 [notice] 1#1: start worker process 42
2024/03/05 11:26:29 [notice] 1#1: start worker process 43
2024/03/05 11:26:29 [notice] 1#1: start worker process 44
2024/03/05 11:28:32 [error] 33#33: *14 FastCGI sent in stderr: "Primary script unknown" while reading response header from upstream, client: 172.29.0.1, server: localhost, request: "GET /js/messages.php?l=en&v=5.2.1 HTTP/1.1", upstream: "fastcgi://172.29.0.2:9000", host: "localhost:8000"
2024/03/05 11:29:13 [error] 35#35: *16 FastCGI sent in stderr: "Primary script unknown" while reading response header from upstream, client: 172.29.0.1, server: localhost, request: "GET /js/messages.php?l=en&v=5.2.1 HTTP/1.1", upstream: "fastcgi://172.29.0.2:9000", host: "localhost:8000"
2024/03/05 11:29:27 [error] 36#36: *109 FastCGI sent in stderr: "Primary script unknown" while reading response header from upstream, client: 172.29.0.1, server: localhost, request: "GET /js/messages.php?l=en&v=5.2.1 HTTP/1.1", upstream: "fastcgi://172.29.0.2:9000", host: "localhost:8000"
2024/03/05 11:34:16 [error] 38#38: *155 FastCGI sent in stderr: "Primary script unknown" while reading response header from upstream, client: 172.29.0.1, server: localhost, request: "GET /js/messages.php?l=en&v=5.2.1 HTTP/1.1", upstream: "fastcgi://172.29.0.2:9000", host: "localhost:8000"
2024/03/05 11:35:15 [notice] 1#1: signal 3 (SIGQUIT) received, shutting down
2024/03/05 11:35:15 [notice] 29#29: gracefully shutting down
2024/03/05 11:35:15 [notice] 30#30: gracefully shutting down
2024/03/05 11:35:15 [notice] 33#33: gracefully shutting down
2024/03/05 11:35:15 [notice] 30#30: exiting
2024/03/05 11:35:15 [notice] 36#36: gracefully shutting down
2024/03/05 11:35:15 [notice] 43#43: gracefully shutting down
2024/03/05 11:35:15 [notice] 43#43: exiting
2024/03/05 11:35:15 [notice] 32#32: gracefully shutting down
2024/03/05 11:35:15 [notice] 29#29: exiting
2024/03/05 11:35:15 [notice] 32#32: exiting
2024/03/05 11:35:15 [notice] 39#39: gracefully shutting down
2024/03/05 11:35:15 [notice] 43#43: exit
2024/03/05 11:35:15 [notice] 37#37: gracefully shutting down
2024/03/05 11:35:15 [notice] 39#39: exiting
2024/03/05 11:35:15 [notice] 30#30: exit
2024/03/05 11:35:15 [notice] 41#41: gracefully shutting down
2024/03/05 11:35:15 [notice] 32#32: exit
2024/03/05 11:35:15 [notice] 44#44: gracefully shutting down
2024/03/05 11:35:15 [notice] 33#33: exiting
2024/03/05 11:35:15 [notice] 36#36: exiting
2024/03/05 11:35:15 [notice] 44#44: exiting
2024/03/05 11:35:15 [notice] 37#37: exiting
2024/03/05 11:35:15 [notice] 29#29: exit
2024/03/05 11:35:15 [notice] 41#41: exiting
2024/03/05 11:35:15 [notice] 44#44: exit
2024/03/05 11:35:15 [notice] 36#36: exit
2024/03/05 11:35:15 [notice] 39#39: exit
2024/03/05 11:35:15 [notice] 37#37: exit
2024/03/05 11:35:15 [notice] 41#41: exit
2024/03/05 11:35:15 [notice] 42#42: gracefully shutting down
2024/03/05 11:35:15 [notice] 42#42: exiting
2024/03/05 11:35:15 [notice] 42#42: exit
2024/03/05 11:35:15 [notice] 40#40: gracefully shutting down
2024/03/05 11:35:15 [notice] 38#38: gracefully shutting down
2024/03/05 11:35:15 [notice] 34#34: gracefully shutting down
2024/03/05 11:35:15 [notice] 34#34: exiting
2024/03/05 11:35:15 [notice] 31#31: gracefully shutting down
2024/03/05 11:35:15 [notice] 40#40: exiting
2024/03/05 11:35:15 [notice] 31#31: exiting
2024/03/05 11:35:15 [notice] 35#35: gracefully shutting down
2024/03/05 11:35:15 [notice] 33#33: exit
2024/03/05 11:35:15 [notice] 35#35: exiting
2024/03/05 11:35:15 [notice] 31#31: exit
2024/03/05 11:35:15 [notice] 40#40: exit
2024/03/05 11:35:15 [notice] 35#35: exit
2024/03/05 11:35:15 [notice] 38#38: exiting
2024/03/05 11:35:15 [notice] 38#38: exit
2024/03/05 11:35:15 [notice] 34#34: exit
2024/03/05 11:35:15 [notice] 1#1: signal 17 (SIGCHLD) received from 36
2024/03/05 11:35:15 [notice] 1#1: worker process 32 exited with code 0
2024/03/05 11:35:15 [notice] 1#1: worker process 36 exited with code 0
2024/03/05 11:35:15 [notice] 1#1: worker process 42 exited with code 0
2024/03/05 11:35:15 [notice] 1#1: signal 29 (SIGIO) received
2024/03/05 11:35:15 [notice] 1#1: signal 17 (SIGCHLD) received from 32
2024/03/05 11:35:15 [notice] 1#1: worker process 31 exited with code 0
2024/03/05 11:35:15 [notice] 1#1: worker process 33 exited with code 0
2024/03/05 11:35:15 [notice] 1#1: worker process 37 exited with code 0
2024/03/05 11:35:15 [notice] 1#1: signal 29 (SIGIO) received
2024/03/05 11:35:15 [notice] 1#1: signal 17 (SIGCHLD) received from 30
2024/03/05 11:35:15 [notice] 1#1: worker process 30 exited with code 0
2024/03/05 11:35:15 [notice] 1#1: signal 29 (SIGIO) received
2024/03/05 11:35:15 [notice] 1#1: signal 17 (SIGCHLD) received from 41
2024/03/05 11:35:15 [notice] 1#1: worker process 41 exited with code 0
2024/03/05 11:35:15 [notice] 1#1: signal 29 (SIGIO) received
2024/03/05 11:35:15 [notice] 1#1: signal 17 (SIGCHLD) received from 43
2024/03/05 11:35:15 [notice] 1#1: worker process 43 exited with code 0
2024/03/05 11:35:15 [notice] 1#1: signal 29 (SIGIO) received
2024/03/05 11:35:15 [notice] 1#1: signal 17 (SIGCHLD) received from 40
2024/03/05 11:35:15 [notice] 1#1: worker process 40 exited with code 0
2024/03/05 11:35:15 [notice] 1#1: signal 29 (SIGIO) received
2024/03/05 11:35:15 [notice] 1#1: signal 17 (SIGCHLD) received from 39
2024/03/05 11:35:15 [notice] 1#1: worker process 39 exited with code 0
2024/03/05 11:35:15 [notice] 1#1: signal 29 (SIGIO) received
2024/03/05 11:35:15 [notice] 1#1: signal 17 (SIGCHLD) received from 44
2024/03/05 11:35:15 [notice] 1#1: worker process 38 exited with code 0
2024/03/05 11:35:15 [notice] 1#1: worker process 44 exited with code 0
2024/03/05 11:35:15 [notice] 1#1: signal 29 (SIGIO) received
2024/03/05 11:35:15 [notice] 1#1: signal 17 (SIGCHLD) received from 38
2024/03/05 11:35:15 [notice] 1#1: signal 17 (SIGCHLD) received from 35
2024/03/05 11:35:15 [notice] 1#1: worker process 35 exited with code 0
2024/03/05 11:35:15 [notice] 1#1: signal 29 (SIGIO) received
2024/03/05 11:35:15 [notice] 1#1: signal 17 (SIGCHLD) received from 34
2024/03/05 11:35:15 [notice] 1#1: worker process 34 exited with code 0
2024/03/05 11:35:15 [notice] 1#1: signal 29 (SIGIO) received
2024/03/05 11:35:15 [notice] 1#1: signal 17 (SIGCHLD) received from 29
2024/03/05 11:35:15 [notice] 1#1: worker process 29 exited with code 0
2024/03/05 11:35:15 [notice] 1#1: exit
2024/03/05 11:40:51 [notice] 1#1: using the "epoll" event method
2024/03/05 11:40:51 [notice] 1#1: nginx/1.25.4
2024/03/05 11:40:51 [notice] 1#1: built by gcc 12.2.1 20220924 (Alpine 12.2.1_git20220924-r10) 
2024/03/05 11:40:51 [notice] 1#1: OS: Linux 5.15.0-97-generic
2024/03/05 11:40:51 [notice] 1#1: getrlimit(RLIMIT_NOFILE): 1048576:1048576
2024/03/05 11:40:51 [notice] 1#1: start worker processes
2024/03/05 11:40:51 [notice] 1#1: start worker process 29
2024/03/05 11:40:51 [notice] 1#1: start worker process 30
2024/03/05 11:40:51 [notice] 1#1: start worker process 31
2024/03/05 11:40:51 [notice] 1#1: start worker process 32
2024/03/05 11:40:51 [notice] 1#1: start worker process 33
2024/03/05 11:40:51 [notice] 1#1: start worker process 34
2024/03/05 11:40:51 [notice] 1#1: start worker process 35
2024/03/05 11:40:51 [notice] 1#1: start worker process 36
2024/03/05 11:40:51 [notice] 1#1: start worker process 37
2024/03/05 11:40:51 [notice] 1#1: start worker process 38
2024/03/05 11:40:51 [notice] 1#1: start worker process 39
2024/03/05 11:40:51 [notice] 1#1: start worker process 40
2024/03/05 11:40:51 [notice] 1#1: start worker process 41
2024/03/05 11:40:51 [notice] 1#1: start worker process 42
2024/03/05 11:40:51 [notice] 1#1: start worker process 43
2024/03/05 11:40:51 [notice] 1#1: start worker process 44
2024/03/05 12:00:26 [notice] 1#1: signal 3 (SIGQUIT) received, shutting down
2024/03/05 12:00:26 [notice] 31#31: gracefully shutting down
2024/03/05 12:00:26 [notice] 34#34: gracefully shutting down
2024/03/05 12:00:26 [notice] 31#31: exiting
2024/03/05 12:00:26 [notice] 34#34: exiting
2024/03/05 12:00:26 [notice] 36#36: gracefully shutting down
2024/03/05 12:00:26 [notice] 34#34: exit
2024/03/05 12:00:26 [notice] 31#31: exit
2024/03/05 12:00:26 [notice] 36#36: exiting
2024/03/05 12:00:26 [notice] 32#32: gracefully shutting down
2024/03/05 12:00:26 [notice] 36#36: exit
2024/03/05 12:00:26 [notice] 32#32: exiting
2024/03/05 12:00:26 [notice] 32#32: exit
2024/03/05 12:00:26 [notice] 33#33: gracefully shutting down
2024/03/05 12:00:26 [notice] 37#37: gracefully shutting down
2024/03/05 12:00:26 [notice] 37#37: exiting
2024/03/05 12:00:26 [notice] 30#30: gracefully shutting down
2024/03/05 12:00:26 [notice] 33#33: exiting
2024/03/05 12:00:26 [notice] 30#30: exiting
2024/03/05 12:00:26 [notice] 29#29: gracefully shutting down
2024/03/05 12:00:26 [notice] 37#37: exit
2024/03/05 12:00:26 [notice] 33#33: exit
2024/03/05 12:00:26 [notice] 30#30: exit
2024/03/05 12:00:26 [notice] 29#29: exiting
2024/03/05 12:00:26 [notice] 29#29: exit
2024/03/05 12:00:26 [notice] 38#38: gracefully shutting down
2024/03/05 12:00:26 [notice] 38#38: exiting
2024/03/05 12:00:26 [notice] 38#38: exit
2024/03/05 12:00:26 [notice] 43#43: gracefully shutting down
2024/03/05 12:00:26 [notice] 42#42: gracefully shutting down
2024/03/05 12:00:26 [notice] 40#40: gracefully shutting down
2024/03/05 12:00:26 [notice] 43#43: exiting
2024/03/05 12:00:26 [notice] 35#35: gracefully shutting down
2024/03/05 12:00:26 [notice] 42#42: exiting
2024/03/05 12:00:26 [notice] 40#40: exiting
2024/03/05 12:00:26 [notice] 35#35: exiting
2024/03/05 12:00:26 [notice] 44#44: gracefully shutting down
2024/03/05 12:00:26 [notice] 43#43: exit
2024/03/05 12:00:26 [notice] 40#40: exit
2024/03/05 12:00:26 [notice] 44#44: exiting
2024/03/05 12:00:26 [notice] 35#35: exit
2024/03/05 12:00:26 [notice] 42#42: exit
2024/03/05 12:00:26 [notice] 44#44: exit
2024/03/05 12:00:26 [notice] 39#39: gracefully shutting down
2024/03/05 12:00:26 [notice] 39#39: exiting
2024/03/05 12:00:26 [notice] 39#39: exit
2024/03/05 12:00:26 [notice] 41#41: gracefully shutting down
2024/03/05 12:00:26 [notice] 41#41: exiting
2024/03/05 12:00:26 [notice] 41#41: exit
2024/03/05 12:00:26 [notice] 1#1: signal 17 (SIGCHLD) received from 30
2024/03/05 12:00:26 [notice] 1#1: worker process 30 exited with code 0
2024/03/05 12:00:26 [notice] 1#1: worker process 33 exited with code 0
2024/03/05 12:00:26 [notice] 1#1: worker process 35 exited with code 0
2024/03/05 12:00:26 [notice] 1#1: worker process 38 exited with code 0
2024/03/05 12:00:26 [notice] 1#1: worker process 42 exited with code 0
2024/03/05 12:00:26 [notice] 1#1: signal 29 (SIGIO) received
2024/03/05 12:00:26 [notice] 1#1: signal 17 (SIGCHLD) received from 35
2024/03/05 12:00:26 [notice] 1#1: worker process 40 exited with code 0
2024/03/05 12:00:26 [notice] 1#1: signal 29 (SIGIO) received
2024/03/05 12:00:26 [notice] 1#1: signal 17 (SIGCHLD) received from 29
2024/03/05 12:00:26 [notice] 1#1: worker process 29 exited with code 0
2024/03/05 12:00:26 [notice] 1#1: signal 29 (SIGIO) received
2024/03/05 12:00:26 [notice] 1#1: signal 17 (SIGCHLD) received from 43
2024/03/05 12:00:26 [notice] 1#1: worker process 32 exited with code 0
2024/03/05 12:00:26 [notice] 1#1: worker process 34 exited with code 0
2024/03/05 12:00:26 [notice] 1#1: worker process 43 exited with code 0
2024/03/05 12:00:26 [notice] 1#1: signal 29 (SIGIO) received
2024/03/05 12:00:26 [notice] 1#1: signal 17 (SIGCHLD) received from 34
2024/03/05 12:00:26 [notice] 1#1: worker process 31 exited with code 0
2024/03/05 12:00:26 [notice] 1#1: worker process 36 exited with code 0
2024/03/05 12:00:26 [notice] 1#1: worker process 44 exited with code 0
2024/03/05 12:00:26 [notice] 1#1: signal 29 (SIGIO) received
2024/03/05 12:00:26 [notice] 1#1: signal 17 (SIGCHLD) received from 36
2024/03/05 12:00:26 [notice] 1#1: signal 17 (SIGCHLD) received from 41
2024/03/05 12:00:26 [notice] 1#1: worker process 41 exited with code 0
2024/03/05 12:00:26 [notice] 1#1: signal 29 (SIGIO) received
2024/03/05 12:00:26 [notice] 1#1: signal 17 (SIGCHLD) received from 39
2024/03/05 12:00:26 [notice] 1#1: worker process 39 exited with code 0
2024/03/05 12:00:26 [notice] 1#1: signal 29 (SIGIO) received
2024/03/05 12:00:26 [notice] 1#1: signal 17 (SIGCHLD) received from 37
2024/03/05 12:00:26 [notice] 1#1: worker process 37 exited with code 0
2024/03/05 12:00:26 [notice] 1#1: exit
2024/03/06 08:59:28 [notice] 1#1: using the "epoll" event method
2024/03/06 08:59:28 [notice] 1#1: nginx/1.25.4
2024/03/06 08:59:28 [notice] 1#1: built by gcc 12.2.1 20220924 (Alpine 12.2.1_git20220924-r10) 
2024/03/06 08:59:28 [notice] 1#1: OS: Linux 5.15.0-97-generic
2024/03/06 08:59:28 [notice] 1#1: getrlimit(RLIMIT_NOFILE): 1048576:1048576
2024/03/06 08:59:28 [notice] 1#1: start worker processes
2024/03/06 08:59:28 [notice] 1#1: start worker process 29
2024/03/06 08:59:28 [notice] 1#1: start worker process 30
2024/03/06 08:59:28 [notice] 1#1: start worker process 31
2024/03/06 08:59:28 [notice] 1#1: start worker process 32
2024/03/06 08:59:28 [notice] 1#1: start worker process 33
2024/03/06 08:59:28 [notice] 1#1: start worker process 34
2024/03/06 08:59:28 [notice] 1#1: start worker process 35
2024/03/06 08:59:28 [notice] 1#1: start worker process 36
2024/03/06 08:59:28 [notice] 1#1: start worker process 37
2024/03/06 08:59:28 [notice] 1#1: start worker process 38
2024/03/06 08:59:28 [notice] 1#1: start worker process 39
2024/03/06 08:59:28 [notice] 1#1: start worker process 40
2024/03/06 08:59:28 [notice] 1#1: start worker process 41
2024/03/06 08:59:28 [notice] 1#1: start worker process 42
2024/03/06 08:59:28 [notice] 1#1: start worker process 43
2024/03/06 08:59:28 [notice] 1#1: start worker process 44
2024/03/06 09:02:10 [notice] 1#1: signal 3 (SIGQUIT) received, shutting down
2024/03/06 09:02:10 [notice] 29#29: gracefully shutting down
2024/03/06 09:02:10 [notice] 34#34: gracefully shutting down
2024/03/06 09:02:10 [notice] 35#35: gracefully shutting down
2024/03/06 09:02:10 [notice] 36#36: gracefully shutting down
2024/03/06 09:02:10 [notice] 37#37: gracefully shutting down
2024/03/06 09:02:10 [notice] 30#30: gracefully shutting down
2024/03/06 09:02:10 [notice] 38#38: gracefully shutting down
2024/03/06 09:02:10 [notice] 32#32: gracefully shutting down
2024/03/06 09:02:10 [notice] 29#29: exiting
2024/03/06 09:02:10 [notice] 41#41: gracefully shutting down
2024/03/06 09:02:10 [notice] 31#31: gracefully shutting down
2024/03/06 09:02:10 [notice] 33#33: gracefully shutting down
2024/03/06 09:02:10 [notice] 42#42: gracefully shutting down
2024/03/06 09:02:10 [notice] 34#34: exiting
2024/03/06 09:02:10 [notice] 44#44: gracefully shutting down
2024/03/06 09:02:10 [notice] 35#35: exiting
2024/03/06 09:02:10 [notice] 33#33: exiting
2024/03/06 09:02:10 [notice] 40#40: gracefully shutting down
2024/03/06 09:02:10 [notice] 36#36: exiting
2024/03/06 09:02:10 [notice] 37#37: exiting
2024/03/06 09:02:10 [notice] 30#30: exiting
2024/03/06 09:02:10 [notice] 38#38: exiting
2024/03/06 09:02:10 [notice] 32#32: exiting
2024/03/06 09:02:10 [notice] 41#41: exiting
2024/03/06 09:02:10 [notice] 31#31: exiting
2024/03/06 09:02:10 [notice] 42#42: exiting
2024/03/06 09:02:10 [notice] 44#44: exiting
2024/03/06 09:02:10 [notice] 29#29: exit
2024/03/06 09:02:10 [notice] 40#40: exiting
2024/03/06 09:02:10 [notice] 34#34: exit
2024/03/06 09:02:10 [notice] 35#35: exit
2024/03/06 09:02:10 [notice] 36#36: exit
2024/03/06 09:02:10 [notice] 37#37: exit
2024/03/06 09:02:10 [notice] 38#38: exit
2024/03/06 09:02:10 [notice] 42#42: exit
2024/03/06 09:02:10 [notice] 41#41: exit
2024/03/06 09:02:10 [notice] 44#44: exit
2024/03/06 09:02:10 [notice] 43#43: gracefully shutting down
2024/03/06 09:02:10 [notice] 30#30: exit
2024/03/06 09:02:10 [notice] 32#32: exit
2024/03/06 09:02:10 [notice] 43#43: exiting
2024/03/06 09:02:10 [notice] 40#40: exit
2024/03/06 09:02:10 [notice] 33#33: exit
2024/03/06 09:02:10 [notice] 31#31: exit
2024/03/06 09:02:10 [notice] 43#43: exit
2024/03/06 09:02:10 [notice] 39#39: gracefully shutting down
2024/03/06 09:02:10 [notice] 39#39: exiting
2024/03/06 09:02:10 [notice] 39#39: exit
2024/03/06 09:02:10 [notice] 1#1: signal 17 (SIGCHLD) received from 42
2024/03/06 09:02:10 [notice] 1#1: worker process 36 exited with code 0
2024/03/06 09:02:10 [notice] 1#1: worker process 37 exited with code 0
2024/03/06 09:02:10 [notice] 1#1: worker process 42 exited with code 0
2024/03/06 09:02:10 [notice] 1#1: worker process 43 exited with code 0
2024/03/06 09:02:10 [notice] 1#1: signal 29 (SIGIO) received
2024/03/06 09:02:10 [notice] 1#1: signal 17 (SIGCHLD) received from 37
2024/03/06 09:02:10 [notice] 1#1: signal 17 (SIGCHLD) received from 31
2024/03/06 09:02:10 [notice] 1#1: worker process 31 exited with code 0
2024/03/06 09:02:10 [notice] 1#1: signal 29 (SIGIO) received
2024/03/06 09:02:10 [notice] 1#1: signal 17 (SIGCHLD) received from 29
2024/03/06 09:02:10 [notice] 1#1: worker process 29 exited with code 0
2024/03/06 09:02:10 [notice] 1#1: worker process 33 exited with code 0
2024/03/06 09:02:10 [notice] 1#1: worker process 39 exited with code 0
2024/03/06 09:02:10 [notice] 1#1: signal 29 (SIGIO) received
2024/03/06 09:02:10 [notice] 1#1: signal 17 (SIGCHLD) received from 33
2024/03/06 09:02:10 [notice] 1#1: worker process 40 exited with code 0
2024/03/06 09:02:10 [notice] 1#1: signal 29 (SIGIO) received
2024/03/06 09:02:10 [notice] 1#1: signal 17 (SIGCHLD) received from 40
2024/03/06 09:02:10 [notice] 1#1: signal 17 (SIGCHLD) received from 38
2024/03/06 09:02:10 [notice] 1#1: worker process 35 exited with code 0
2024/03/06 09:02:10 [notice] 1#1: worker process 38 exited with code 0
2024/03/06 09:02:10 [notice] 1#1: signal 29 (SIGIO) received
2024/03/06 09:02:10 [notice] 1#1: signal 17 (SIGCHLD) received from 34
2024/03/06 09:02:10 [notice] 1#1: worker process 34 exited with code 0
2024/03/06 09:02:10 [notice] 1#1: signal 29 (SIGIO) received
2024/03/06 09:02:10 [notice] 1#1: signal 17 (SIGCHLD) received from 32
2024/03/06 09:02:10 [notice] 1#1: worker process 32 exited with code 0
2024/03/06 09:02:10 [notice] 1#1: signal 29 (SIGIO) received
2024/03/06 09:02:10 [notice] 1#1: signal 17 (SIGCHLD) received from 30
2024/03/06 09:02:10 [notice] 1#1: worker process 30 exited with code 0
2024/03/06 09:02:10 [notice] 1#1: signal 29 (SIGIO) received
2024/03/06 09:02:10 [notice] 1#1: signal 17 (SIGCHLD) received from 44
2024/03/06 09:02:10 [notice] 1#1: worker process 44 exited with code 0
2024/03/06 09:02:10 [notice] 1#1: signal 29 (SIGIO) received
2024/03/06 09:02:10 [notice] 1#1: signal 17 (SIGCHLD) received from 41
2024/03/06 09:02:10 [notice] 1#1: worker process 41 exited with code 0
2024/03/06 09:02:10 [notice] 1#1: exit
2024/03/07 11:00:16 [notice] 1#1: using the "epoll" event method
2024/03/07 11:00:16 [notice] 1#1: nginx/1.25.4
2024/03/07 11:00:16 [notice] 1#1: built by gcc 12.2.1 20220924 (Alpine 12.2.1_git20220924-r10) 
2024/03/07 11:00:16 [notice] 1#1: OS: Linux 5.15.0-97-generic
2024/03/07 11:00:16 [notice] 1#1: getrlimit(RLIMIT_NOFILE): 1048576:1048576
2024/03/07 11:00:16 [notice] 1#1: start worker processes
2024/03/07 11:00:16 [notice] 1#1: start worker process 29
2024/03/07 11:00:16 [notice] 1#1: start worker process 30
2024/03/07 11:00:16 [notice] 1#1: start worker process 31
2024/03/07 11:00:16 [notice] 1#1: start worker process 32
2024/03/07 11:00:16 [notice] 1#1: start worker process 33
2024/03/07 11:00:16 [notice] 1#1: start worker process 34
2024/03/07 11:00:16 [notice] 1#1: start worker process 35
2024/03/07 11:00:16 [notice] 1#1: start worker process 36
2024/03/07 11:00:16 [notice] 1#1: start worker process 37
2024/03/07 11:00:16 [notice] 1#1: start worker process 38
2024/03/07 11:00:16 [notice] 1#1: start worker process 39
2024/03/07 11:00:16 [notice] 1#1: start worker process 40
2024/03/07 11:00:16 [notice] 1#1: start worker process 41
2024/03/07 11:00:16 [notice] 1#1: start worker process 42
2024/03/07 11:00:16 [notice] 1#1: start worker process 43
2024/03/07 11:00:16 [notice] 1#1: start worker process 44
2024/03/07 11:01:16 [error] 30#30: *2 FastCGI sent in stderr: "Primary script unknown" while reading response header from upstream, client: 192.168.16.1, server: localhost, request: "GET /js/messages.php?l=en&v=5.2.1 HTTP/1.1", upstream: "fastcgi://192.168.16.3:9000", host: "localhost:8000"
2024/03/07 12:41:49 [notice] 1#1: using the "epoll" event method
2024/03/07 12:41:49 [notice] 1#1: nginx/1.25.4
2024/03/07 12:41:49 [notice] 1#1: built by gcc 12.2.1 20220924 (Alpine 12.2.1_git20220924-r10) 
2024/03/07 12:41:49 [notice] 1#1: OS: Linux 5.15.0-97-generic
2024/03/07 12:41:49 [notice] 1#1: getrlimit(RLIMIT_NOFILE): 1048576:1048576
2024/03/07 12:41:49 [notice] 1#1: start worker processes
2024/03/07 12:41:49 [notice] 1#1: start worker process 29
2024/03/07 12:41:49 [notice] 1#1: start worker process 30
2024/03/07 12:41:49 [notice] 1#1: start worker process 31
2024/03/07 12:41:49 [notice] 1#1: start worker process 32
2024/03/07 12:41:49 [notice] 1#1: start worker process 33
2024/03/07 12:41:49 [notice] 1#1: start worker process 34
2024/03/07 12:41:49 [notice] 1#1: start worker process 35
2024/03/07 12:41:49 [notice] 1#1: start worker process 36
2024/03/07 12:41:49 [notice] 1#1: start worker process 37
2024/03/07 12:41:49 [notice] 1#1: start worker process 38
2024/03/07 12:41:49 [notice] 1#1: start worker process 39
2024/03/07 12:41:49 [notice] 1#1: start worker process 40
2024/03/07 12:41:49 [notice] 1#1: start worker process 41
2024/03/07 12:41:49 [notice] 1#1: start worker process 42
2024/03/07 12:41:49 [notice] 1#1: start worker process 43
2024/03/07 12:41:49 [notice] 1#1: start worker process 44
2024/03/07 13:14:22 [notice] 1#1: signal 3 (SIGQUIT) received, shutting down
2024/03/07 13:14:22 [notice] 30#30: gracefully shutting down
2024/03/07 13:14:22 [notice] 29#29: gracefully shutting down
2024/03/07 13:14:22 [notice] 31#31: gracefully shutting down
2024/03/07 13:14:22 [notice] 30#30: exiting
2024/03/07 13:14:22 [notice] 32#32: gracefully shutting down
2024/03/07 13:14:22 [notice] 34#34: gracefully shutting down
2024/03/07 13:14:22 [notice] 29#29: exiting
2024/03/07 13:14:22 [notice] 36#36: gracefully shutting down
2024/03/07 13:14:22 [notice] 31#31: exiting
2024/03/07 13:14:22 [notice] 37#37: gracefully shutting down
2024/03/07 13:14:22 [notice] 38#38: gracefully shutting down
2024/03/07 13:14:22 [notice] 39#39: gracefully shutting down
2024/03/07 13:14:22 [notice] 41#41: gracefully shutting down
2024/03/07 13:14:22 [notice] 32#32: exiting
2024/03/07 13:14:22 [notice] 34#34: exiting
2024/03/07 13:14:22 [notice] 40#40: gracefully shutting down
2024/03/07 13:14:22 [notice] 36#36: exiting
2024/03/07 13:14:22 [notice] 43#43: gracefully shutting down
2024/03/07 13:14:22 [notice] 37#37: exiting
2024/03/07 13:14:22 [notice] 38#38: exiting
2024/03/07 13:14:22 [notice] 39#39: exiting
2024/03/07 13:14:22 [notice] 41#41: exiting
2024/03/07 13:14:22 [notice] 33#33: gracefully shutting down
2024/03/07 13:14:22 [notice] 40#40: exiting
2024/03/07 13:14:22 [notice] 43#43: exiting
2024/03/07 13:14:22 [notice] 30#30: exit
2024/03/07 13:14:22 [notice] 33#33: exiting
2024/03/07 13:14:22 [notice] 29#29: exit
2024/03/07 13:14:22 [notice] 31#31: exit
2024/03/07 13:14:22 [notice] 36#36: exit
2024/03/07 13:14:22 [notice] 34#34: exit
2024/03/07 13:14:22 [notice] 39#39: exit
2024/03/07 13:14:22 [notice] 38#38: exit
2024/03/07 13:14:22 [notice] 41#41: exit
2024/03/07 13:14:22 [notice] 40#40: exit
2024/03/07 13:14:22 [notice] 43#43: exit
2024/03/07 13:14:22 [notice] 37#37: exit
2024/03/07 13:14:22 [notice] 32#32: exit
2024/03/07 13:14:22 [notice] 33#33: exit
2024/03/07 13:14:22 [notice] 35#35: gracefully shutting down
2024/03/07 13:14:22 [notice] 35#35: exiting
2024/03/07 13:14:22 [notice] 35#35: exit
2024/03/07 13:14:22 [notice] 44#44: gracefully shutting down
2024/03/07 13:14:22 [notice] 44#44: exiting
2024/03/07 13:14:22 [notice] 44#44: exit
2024/03/07 13:14:22 [notice] 42#42: gracefully shutting down
2024/03/07 13:14:22 [notice] 42#42: exiting
2024/03/07 13:14:22 [notice] 42#42: exit
2024/03/07 13:14:22 [notice] 1#1: signal 17 (SIGCHLD) received from 32
2024/03/07 13:14:22 [notice] 1#1: worker process 32 exited with code 0
2024/03/07 13:14:22 [notice] 1#1: worker process 34 exited with code 0
2024/03/07 13:14:22 [notice] 1#1: worker process 41 exited with code 0
2024/03/07 13:14:22 [notice] 1#1: signal 29 (SIGIO) received
2024/03/07 13:14:22 [notice] 1#1: signal 17 (SIGCHLD) received from 41
2024/03/07 13:14:22 [notice] 1#1: signal 17 (SIGCHLD) received from 40
2024/03/07 13:14:22 [notice] 1#1: worker process 40 exited with code 0
2024/03/07 13:14:22 [notice] 1#1: signal 29 (SIGIO) received
2024/03/07 13:14:22 [notice] 1#1: signal 17 (SIGCHLD) received from 30
2024/03/07 13:14:22 [notice] 1#1: worker process 30 exited with code 0
2024/03/07 13:14:22 [notice] 1#1: signal 29 (SIGIO) received
2024/03/07 13:14:22 [notice] 1#1: signal 17 (SIGCHLD) received from 36
2024/03/07 13:14:22 [notice] 1#1: worker process 36 exited with code 0
2024/03/07 13:14:22 [notice] 1#1: signal 29 (SIGIO) received
2024/03/07 13:14:22 [notice] 1#1: signal 17 (SIGCHLD) received from 42
2024/03/07 13:14:22 [notice] 1#1: worker process 29 exited with code 0
2024/03/07 13:14:22 [notice] 1#1: worker process 39 exited with code 0
2024/03/07 13:14:22 [notice] 1#1: worker process 42 exited with code 0
2024/03/07 13:14:22 [notice] 1#1: worker process 44 exited with code 0
2024/03/07 13:14:22 [notice] 1#1: signal 29 (SIGIO) received
2024/03/07 13:14:22 [notice] 1#1: signal 17 (SIGCHLD) received from 43
2024/03/07 13:14:22 [notice] 1#1: worker process 43 exited with code 0
2024/03/07 13:14:22 [notice] 1#1: signal 29 (SIGIO) received
2024/03/07 13:14:22 [notice] 1#1: signal 17 (SIGCHLD) received from 33
2024/03/07 13:14:22 [notice] 1#1: worker process 33 exited with code 0
2024/03/07 13:14:22 [notice] 1#1: worker process 37 exited with code 0
2024/03/07 13:14:22 [notice] 1#1: worker process 38 exited with code 0
2024/03/07 13:14:22 [notice] 1#1: signal 29 (SIGIO) received
2024/03/07 13:14:22 [notice] 1#1: signal 17 (SIGCHLD) received from 38
2024/03/07 13:14:22 [notice] 1#1: signal 17 (SIGCHLD) received from 31
2024/03/07 13:14:22 [notice] 1#1: worker process 31 exited with code 0
2024/03/07 13:14:22 [notice] 1#1: signal 29 (SIGIO) received
2024/03/07 13:14:22 [notice] 1#1: signal 17 (SIGCHLD) received from 35
2024/03/07 13:14:22 [notice] 1#1: worker process 35 exited with code 0
2024/03/07 13:14:22 [notice] 1#1: exit
2024/03/07 13:14:29 [notice] 1#1: using the "epoll" event method
2024/03/07 13:14:29 [notice] 1#1: nginx/1.25.4
2024/03/07 13:14:29 [notice] 1#1: built by gcc 12.2.1 20220924 (Alpine 12.2.1_git20220924-r10) 
2024/03/07 13:14:29 [notice] 1#1: OS: Linux 5.15.0-97-generic
2024/03/07 13:14:29 [notice] 1#1: getrlimit(RLIMIT_NOFILE): 1048576:1048576
2024/03/07 13:14:29 [notice] 1#1: start worker processes
2024/03/07 13:14:29 [notice] 1#1: start worker process 29
2024/03/07 13:14:29 [notice] 1#1: start worker process 30
2024/03/07 13:14:29 [notice] 1#1: start worker process 31
2024/03/07 13:14:29 [notice] 1#1: start worker process 32
2024/03/07 13:14:29 [notice] 1#1: start worker process 33
2024/03/07 13:14:29 [notice] 1#1: start worker process 34
2024/03/07 13:14:29 [notice] 1#1: start worker process 35
2024/03/07 13:14:29 [notice] 1#1: start worker process 36
2024/03/07 13:14:29 [notice] 1#1: start worker process 37
2024/03/07 13:14:29 [notice] 1#1: start worker process 38
2024/03/07 13:14:29 [notice] 1#1: start worker process 39
2024/03/07 13:14:29 [notice] 1#1: start worker process 40
2024/03/07 13:14:29 [notice] 1#1: start worker process 41
2024/03/07 13:14:29 [notice] 1#1: start worker process 42
2024/03/07 13:14:29 [notice] 1#1: start worker process 43
2024/03/07 13:14:29 [notice] 1#1: start worker process 44
2024/03/07 13:15:07 [notice] 1#1: signal 3 (SIGQUIT) received, shutting down
2024/03/07 13:15:07 [notice] 29#29: gracefully shutting down
2024/03/07 13:15:07 [notice] 31#31: gracefully shutting down
2024/03/07 13:15:07 [notice] 32#32: gracefully shutting down
2024/03/07 13:15:07 [notice] 29#29: exiting
2024/03/07 13:15:07 [notice] 37#37: gracefully shutting down
2024/03/07 13:15:07 [notice] 41#41: gracefully shutting down
2024/03/07 13:15:07 [notice] 30#30: gracefully shutting down
2024/03/07 13:15:07 [notice] 38#38: gracefully shutting down
2024/03/07 13:15:07 [notice] 31#31: exiting
2024/03/07 13:15:07 [notice] 32#32: exiting
2024/03/07 13:15:07 [notice] 37#37: exiting
2024/03/07 13:15:07 [notice] 41#41: exiting
2024/03/07 13:15:07 [notice] 30#30: exiting
2024/03/07 13:15:07 [notice] 38#38: exiting
2024/03/07 13:15:07 [notice] 29#29: exit
2024/03/07 13:15:07 [notice] 44#44: gracefully shutting down
2024/03/07 13:15:07 [notice] 32#32: exit
2024/03/07 13:15:07 [notice] 31#31: exit
2024/03/07 13:15:07 [notice] 30#30: exit
2024/03/07 13:15:07 [notice] 41#41: exit
2024/03/07 13:15:07 [notice] 37#37: exit
2024/03/07 13:15:07 [notice] 39#39: gracefully shutting down
2024/03/07 13:15:07 [notice] 38#38: exit
2024/03/07 13:15:07 [notice] 44#44: exiting
2024/03/07 13:15:07 [notice] 39#39: exiting
2024/03/07 13:15:07 [notice] 39#39: exit
2024/03/07 13:15:07 [notice] 44#44: exit
2024/03/07 13:15:07 [notice] 43#43: gracefully shutting down
2024/03/07 13:15:07 [notice] 43#43: exiting
2024/03/07 13:15:07 [notice] 34#34: gracefully shutting down
2024/03/07 13:15:07 [notice] 43#43: exit
2024/03/07 13:15:07 [notice] 42#42: gracefully shutting down
2024/03/07 13:15:07 [notice] 34#34: exiting
2024/03/07 13:15:07 [notice] 42#42: exiting
2024/03/07 13:15:07 [notice] 42#42: exit
2024/03/07 13:15:07 [notice] 34#34: exit
2024/03/07 13:15:07 [notice] 33#33: gracefully shutting down
2024/03/07 13:15:07 [notice] 36#36: gracefully shutting down
2024/03/07 13:15:07 [notice] 33#33: exiting
2024/03/07 13:15:07 [notice] 36#36: exiting
2024/03/07 13:15:07 [notice] 33#33: exit
2024/03/07 13:15:07 [notice] 36#36: exit
2024/03/07 13:15:07 [notice] 40#40: gracefully shutting down
2024/03/07 13:15:07 [notice] 40#40: exiting
2024/03/07 13:15:07 [notice] 40#40: exit
2024/03/07 13:15:07 [notice] 35#35: gracefully shutting down
2024/03/07 13:15:07 [notice] 35#35: exiting
2024/03/07 13:15:07 [notice] 35#35: exit
2024/03/07 13:15:07 [notice] 1#1: signal 17 (SIGCHLD) received from 36
2024/03/07 13:15:07 [notice] 1#1: worker process 36 exited with code 0
2024/03/07 13:15:07 [notice] 1#1: signal 29 (SIGIO) received
2024/03/07 13:15:07 [notice] 1#1: signal 17 (SIGCHLD) received from 39
2024/03/07 13:15:07 [notice] 1#1: worker process 39 exited with code 0
2024/03/07 13:15:07 [notice] 1#1: signal 29 (SIGIO) received
2024/03/07 13:15:07 [notice] 1#1: signal 17 (SIGCHLD) received from 35
2024/03/07 13:15:07 [notice] 1#1: worker process 29 exited with code 0
2024/03/07 13:15:07 [notice] 1#1: worker process 30 exited with code 0
2024/03/07 13:15:07 [notice] 1#1: worker process 34 exited with code 0
2024/03/07 13:15:07 [notice] 1#1: worker process 35 exited with code 0
2024/03/07 13:15:07 [notice] 1#1: worker process 37 exited with code 0
2024/03/07 13:15:07 [notice] 1#1: worker process 40 exited with code 0
2024/03/07 13:15:07 [notice] 1#1: worker process 42 exited with code 0
2024/03/07 13:15:07 [notice] 1#1: worker process 43 exited with code 0
2024/03/07 13:15:07 [notice] 1#1: signal 29 (SIGIO) received
2024/03/07 13:15:07 [notice] 1#1: signal 17 (SIGCHLD) received from 42
2024/03/07 13:15:07 [notice] 1#1: signal 17 (SIGCHLD) received from 32
2024/03/07 13:15:07 [notice] 1#1: worker process 31 exited with code 0
2024/03/07 13:15:07 [notice] 1#1: worker process 32 exited with code 0
2024/03/07 13:15:07 [notice] 1#1: signal 29 (SIGIO) received
2024/03/07 13:15:07 [notice] 1#1: signal 17 (SIGCHLD) received from 33
2024/03/07 13:15:07 [notice] 1#1: worker process 33 exited with code 0
2024/03/07 13:15:07 [notice] 1#1: worker process 41 exited with code 0
2024/03/07 13:15:07 [notice] 1#1: signal 29 (SIGIO) received
2024/03/07 13:15:07 [notice] 1#1: signal 17 (SIGCHLD) received from 44
2024/03/07 13:15:07 [notice] 1#1: worker process 38 exited with code 0
2024/03/07 13:15:07 [notice] 1#1: worker process 44 exited with code 0
2024/03/07 13:15:07 [notice] 1#1: exit
2024/03/07 15:52:06 [notice] 1#1: using the "epoll" event method
2024/03/07 15:52:06 [notice] 1#1: nginx/1.25.4
2024/03/07 15:52:06 [notice] 1#1: built by gcc 12.2.1 20220924 (Alpine 12.2.1_git20220924-r10) 
2024/03/07 15:52:06 [notice] 1#1: OS: Linux 5.15.0-97-generic
2024/03/07 15:52:06 [notice] 1#1: getrlimit(RLIMIT_NOFILE): 1048576:1048576
2024/03/07 15:52:06 [notice] 1#1: start worker processes
2024/03/07 15:52:06 [notice] 1#1: start worker process 29
2024/03/07 15:52:06 [notice] 1#1: start worker process 30
2024/03/07 15:52:06 [notice] 1#1: start worker process 31
2024/03/07 15:52:06 [notice] 1#1: start worker process 32
2024/03/07 15:52:06 [notice] 1#1: start worker process 33
2024/03/07 15:52:06 [notice] 1#1: start worker process 34
2024/03/07 15:52:06 [notice] 1#1: start worker process 35
2024/03/07 15:52:06 [notice] 1#1: start worker process 36
2024/03/07 15:52:06 [notice] 1#1: start worker process 37
2024/03/07 15:52:06 [notice] 1#1: start worker process 38
2024/03/07 15:52:06 [notice] 1#1: start worker process 39
2024/03/07 15:52:06 [notice] 1#1: start worker process 40
2024/03/07 15:52:06 [notice] 1#1: start worker process 41
2024/03/07 15:52:06 [notice] 1#1: start worker process 42
2024/03/07 15:52:06 [notice] 1#1: start worker process 43
2024/03/07 15:52:06 [notice] 1#1: start worker process 44
2024/03/08 06:36:10 [notice] 1#1: signal 3 (SIGQUIT) received, shutting down
2024/03/08 06:36:10 [notice] 29#29: gracefully shutting down
2024/03/08 06:36:10 [notice] 32#32: gracefully shutting down
2024/03/08 06:36:10 [notice] 31#31: gracefully shutting down
2024/03/08 06:36:10 [notice] 34#34: gracefully shutting down
2024/03/08 06:36:10 [notice] 35#35: gracefully shutting down
2024/03/08 06:36:10 [notice] 30#30: gracefully shutting down
2024/03/08 06:36:10 [notice] 29#29: exiting
2024/03/08 06:36:10 [notice] 38#38: gracefully shutting down
2024/03/08 06:36:10 [notice] 32#32: exiting
2024/03/08 06:36:10 [notice] 36#36: gracefully shutting down
2024/03/08 06:36:10 [notice] 33#33: gracefully shutting down
2024/03/08 06:36:10 [notice] 37#37: gracefully shutting down
2024/03/08 06:36:10 [notice] 31#31: exiting
2024/03/08 06:36:10 [notice] 34#34: exiting
2024/03/08 06:36:10 [notice] 35#35: exiting
2024/03/08 06:36:10 [notice] 42#42: gracefully shutting down
2024/03/08 06:36:10 [notice] 30#30: exiting
2024/03/08 06:36:10 [notice] 38#38: exiting
2024/03/08 06:36:10 [notice] 36#36: exiting
2024/03/08 06:36:10 [notice] 33#33: exiting
2024/03/08 06:36:10 [notice] 37#37: exiting
2024/03/08 06:36:10 [notice] 42#42: exiting
2024/03/08 06:36:10 [notice] 32#32: exit
2024/03/08 06:36:10 [notice] 29#29: exit
2024/03/08 06:36:10 [notice] 41#41: gracefully shutting down
2024/03/08 06:36:10 [notice] 41#41: exiting
2024/03/08 06:36:10 [notice] 35#35: exit
2024/03/08 06:36:10 [notice] 34#34: exit
2024/03/08 06:36:10 [notice] 31#31: exit
2024/03/08 06:36:10 [notice] 38#38: exit
2024/03/08 06:36:10 [notice] 42#42: exit
2024/03/08 06:36:10 [notice] 30#30: exit
2024/03/08 06:36:10 [notice] 33#33: exit
2024/03/08 06:36:10 [notice] 36#36: exit
2024/03/08 06:36:10 [notice] 41#41: exit
2024/03/08 06:36:10 [notice] 37#37: exit
2024/03/08 06:36:10 [notice] 44#44: gracefully shutting down
2024/03/08 06:36:10 [notice] 44#44: exiting
2024/03/08 06:36:10 [notice] 44#44: exit
2024/03/08 06:36:10 [notice] 43#43: gracefully shutting down
2024/03/08 06:36:10 [notice] 43#43: exiting
2024/03/08 06:36:10 [notice] 43#43: exit
2024/03/08 06:36:10 [notice] 40#40: gracefully shutting down
2024/03/08 06:36:10 [notice] 40#40: exiting
2024/03/08 06:36:10 [notice] 40#40: exit
2024/03/08 06:36:10 [notice] 39#39: gracefully shutting down
2024/03/08 06:36:10 [notice] 39#39: exiting
2024/03/08 06:36:10 [notice] 39#39: exit
2024/03/08 06:36:10 [notice] 1#1: signal 17 (SIGCHLD) received from 44
2024/03/08 06:36:10 [notice] 1#1: worker process 44 exited with code 0
2024/03/08 06:36:10 [notice] 1#1: signal 29 (SIGIO) received
2024/03/08 06:36:10 [notice] 1#1: signal 17 (SIGCHLD) received from 34
2024/03/08 06:36:10 [notice] 1#1: worker process 34 exited with code 0
2024/03/08 06:36:10 [notice] 1#1: signal 29 (SIGIO) received
2024/03/08 06:36:10 [notice] 1#1: signal 17 (SIGCHLD) received from 32
2024/03/08 06:36:10 [notice] 1#1: worker process 32 exited with code 0
2024/03/08 06:36:10 [notice] 1#1: signal 29 (SIGIO) received
2024/03/08 06:36:10 [notice] 1#1: signal 17 (SIGCHLD) received from 31
2024/03/08 06:36:10 [notice] 1#1: worker process 31 exited with code 0
2024/03/08 06:36:10 [notice] 1#1: signal 29 (SIGIO) received
2024/03/08 06:36:10 [notice] 1#1: signal 17 (SIGCHLD) received from 40
2024/03/08 06:36:10 [notice] 1#1: worker process 40 exited with code 0
2024/03/08 06:36:10 [notice] 1#1: worker process 30 exited with code 0
2024/03/08 06:36:10 [notice] 1#1: worker process 39 exited with code 0
2024/03/08 06:36:10 [notice] 1#1: worker process 35 exited with code 0
2024/03/08 06:36:10 [notice] 1#1: worker process 41 exited with code 0
2024/03/08 06:36:10 [notice] 1#1: worker process 42 exited with code 0
2024/03/08 06:36:10 [notice] 1#1: worker process 43 exited with code 0
2024/03/08 06:36:10 [notice] 1#1: signal 29 (SIGIO) received
2024/03/08 06:36:10 [notice] 1#1: signal 17 (SIGCHLD) received from 41
2024/03/08 06:36:10 [notice] 1#1: worker process 37 exited with code 0
2024/03/08 06:36:10 [notice] 1#1: signal 29 (SIGIO) received
2024/03/08 06:36:10 [notice] 1#1: signal 17 (SIGCHLD) received from 37
2024/03/08 06:36:10 [notice] 1#1: signal 17 (SIGCHLD) received from 38
2024/03/08 06:36:10 [notice] 1#1: worker process 38 exited with code 0
2024/03/08 06:36:10 [notice] 1#1: signal 29 (SIGIO) received
2024/03/08 06:36:10 [notice] 1#1: signal 17 (SIGCHLD) received from 36
2024/03/08 06:36:10 [notice] 1#1: worker process 36 exited with code 0
2024/03/08 06:36:10 [notice] 1#1: signal 29 (SIGIO) received
2024/03/08 06:36:10 [notice] 1#1: signal 17 (SIGCHLD) received from 33
2024/03/08 06:36:10 [notice] 1#1: worker process 33 exited with code 0
2024/03/08 06:36:10 [notice] 1#1: signal 29 (SIGIO) received
2024/03/08 06:36:10 [notice] 1#1: signal 17 (SIGCHLD) received from 29
2024/03/08 06:36:10 [notice] 1#1: worker process 29 exited with code 0
2024/03/08 06:36:10 [notice] 1#1: exit
2024/03/08 06:36:15 [notice] 1#1: using the "epoll" event method
2024/03/08 06:36:15 [notice] 1#1: nginx/1.25.4
2024/03/08 06:36:15 [notice] 1#1: built by gcc 12.2.1 20220924 (Alpine 12.2.1_git20220924-r10) 
2024/03/08 06:36:15 [notice] 1#1: OS: Linux 5.15.0-97-generic
2024/03/08 06:36:15 [notice] 1#1: getrlimit(RLIMIT_NOFILE): 1048576:1048576
2024/03/08 06:36:15 [notice] 1#1: start worker processes
2024/03/08 06:36:15 [notice] 1#1: start worker process 29
2024/03/08 06:36:15 [notice] 1#1: start worker process 30
2024/03/08 06:36:15 [notice] 1#1: start worker process 31
2024/03/08 06:36:15 [notice] 1#1: start worker process 32
2024/03/08 06:36:15 [notice] 1#1: start worker process 33
2024/03/08 06:36:15 [notice] 1#1: start worker process 34
2024/03/08 06:36:15 [notice] 1#1: start worker process 35
2024/03/08 06:36:15 [notice] 1#1: start worker process 36
2024/03/08 06:36:15 [notice] 1#1: start worker process 37
2024/03/08 06:36:15 [notice] 1#1: start worker process 38
2024/03/08 06:36:15 [notice] 1#1: start worker process 39
2024/03/08 06:36:15 [notice] 1#1: start worker process 40
2024/03/08 06:36:15 [notice] 1#1: start worker process 41
2024/03/08 06:36:15 [notice] 1#1: start worker process 42
2024/03/08 06:36:15 [notice] 1#1: start worker process 43
2024/03/08 06:36:15 [notice] 1#1: start worker process 44
2024/03/08 06:59:36 [notice] 1#1: signal 3 (SIGQUIT) received, shutting down
2024/03/08 06:59:36 [notice] 29#29: gracefully shutting down
2024/03/08 06:59:36 [notice] 30#30: gracefully shutting down
2024/03/08 06:59:36 [notice] 31#31: gracefully shutting down
2024/03/08 06:59:36 [notice] 34#34: gracefully shutting down
2024/03/08 06:59:36 [notice] 32#32: gracefully shutting down
2024/03/08 06:59:36 [notice] 33#33: gracefully shutting down
2024/03/08 06:59:36 [notice] 35#35: gracefully shutting down
2024/03/08 06:59:36 [notice] 29#29: exiting
2024/03/08 06:59:36 [notice] 37#37: gracefully shutting down
2024/03/08 06:59:36 [notice] 30#30: exiting
2024/03/08 06:59:36 [notice] 38#38: gracefully shutting down
2024/03/08 06:59:36 [notice] 31#31: exiting
2024/03/08 06:59:36 [notice] 39#39: gracefully shutting down
2024/03/08 06:59:36 [notice] 34#34: exiting
2024/03/08 06:59:36 [notice] 41#41: gracefully shutting down
2024/03/08 06:59:36 [notice] 32#32: exiting
2024/03/08 06:59:36 [notice] 33#33: exiting
2024/03/08 06:59:36 [notice] 40#40: gracefully shutting down
2024/03/08 06:59:36 [notice] 36#36: gracefully shutting down
2024/03/08 06:59:36 [notice] 35#35: exiting
2024/03/08 06:59:36 [notice] 37#37: exiting
2024/03/08 06:59:36 [notice] 38#38: exiting
2024/03/08 06:59:36 [notice] 39#39: exiting
2024/03/08 06:59:36 [notice] 44#44: gracefully shutting down
2024/03/08 06:59:36 [notice] 41#41: exiting
2024/03/08 06:59:36 [notice] 40#40: exiting
2024/03/08 06:59:36 [notice] 36#36: exiting
2024/03/08 06:59:36 [notice] 44#44: exiting
2024/03/08 06:59:36 [notice] 31#31: exit
2024/03/08 06:59:36 [notice] 29#29: exit
2024/03/08 06:59:36 [notice] 30#30: exit
2024/03/08 06:59:36 [notice] 34#34: exit
2024/03/08 06:59:36 [notice] 33#33: exit
2024/03/08 06:59:36 [notice] 32#32: exit
2024/03/08 06:59:36 [notice] 37#37: exit
2024/03/08 06:59:36 [notice] 35#35: exit
2024/03/08 06:59:36 [notice] 38#38: exit
2024/03/08 06:59:36 [notice] 44#44: exit
2024/03/08 06:59:36 [notice] 39#39: exit
2024/03/08 06:59:36 [notice] 41#41: exit
2024/03/08 06:59:36 [notice] 36#36: exit
2024/03/08 06:59:36 [notice] 40#40: exit
2024/03/08 06:59:36 [notice] 42#42: gracefully shutting down
2024/03/08 06:59:36 [notice] 42#42: exiting
2024/03/08 06:59:36 [notice] 42#42: exit
2024/03/08 06:59:36 [notice] 43#43: gracefully shutting down
2024/03/08 06:59:36 [notice] 43#43: exiting
2024/03/08 06:59:36 [notice] 43#43: exit
2024/03/08 06:59:36 [notice] 1#1: signal 17 (SIGCHLD) received from 32
2024/03/08 06:59:36 [notice] 1#1: worker process 32 exited with code 0
2024/03/08 06:59:36 [notice] 1#1: worker process 42 exited with code 0
2024/03/08 06:59:36 [notice] 1#1: signal 29 (SIGIO) received
2024/03/08 06:59:36 [notice] 1#1: signal 17 (SIGCHLD) received from 42
2024/03/08 06:59:36 [notice] 1#1: worker process 36 exited with code 0
2024/03/08 06:59:36 [notice] 1#1: worker process 37 exited with code 0
2024/03/08 06:59:36 [notice] 1#1: signal 29 (SIGIO) received
2024/03/08 06:59:36 [notice] 1#1: signal 17 (SIGCHLD) received from 36
2024/03/08 06:59:36 [notice] 1#1: signal 17 (SIGCHLD) received from 29
2024/03/08 06:59:36 [notice] 1#1: worker process 29 exited with code 0
2024/03/08 06:59:36 [notice] 1#1: signal 29 (SIGIO) received
2024/03/08 06:59:36 [notice] 1#1: signal 17 (SIGCHLD) received from 35
2024/03/08 06:59:36 [notice] 1#1: worker process 30 exited with code 0
2024/03/08 06:59:36 [notice] 1#1: worker process 33 exited with code 0
2024/03/08 06:59:36 [notice] 1#1: worker process 34 exited with code 0
2024/03/08 06:59:36 [notice] 1#1: worker process 35 exited with code 0
2024/03/08 06:59:36 [notice] 1#1: worker process 40 exited with code 0
2024/03/08 06:59:36 [notice] 1#1: worker process 43 exited with code 0
2024/03/08 06:59:36 [notice] 1#1: worker process 44 exited with code 0
2024/03/08 06:59:36 [notice] 1#1: signal 29 (SIGIO) received
2024/03/08 06:59:36 [notice] 1#1: signal 17 (SIGCHLD) received from 43
2024/03/08 06:59:36 [notice] 1#1: signal 17 (SIGCHLD) received from 39
2024/03/08 06:59:36 [notice] 1#1: worker process 31 exited with code 0
2024/03/08 06:59:36 [notice] 1#1: worker process 39 exited with code 0
2024/03/08 06:59:36 [notice] 1#1: signal 29 (SIGIO) received
2024/03/08 06:59:36 [notice] 1#1: signal 17 (SIGCHLD) received from 31
2024/03/08 06:59:36 [notice] 1#1: signal 17 (SIGCHLD) received from 38
2024/03/08 06:59:36 [notice] 1#1: worker process 38 exited with code 0
2024/03/08 06:59:36 [notice] 1#1: signal 29 (SIGIO) received
2024/03/08 06:59:36 [notice] 1#1: signal 17 (SIGCHLD) received from 41
2024/03/08 06:59:36 [notice] 1#1: worker process 41 exited with code 0
2024/03/08 06:59:36 [notice] 1#1: exit
2024/03/08 07:01:09 [notice] 1#1: using the "epoll" event method
2024/03/08 07:01:09 [notice] 1#1: nginx/1.25.4
2024/03/08 07:01:09 [notice] 1#1: built by gcc 12.2.1 20220924 (Alpine 12.2.1_git20220924-r10) 
2024/03/08 07:01:09 [notice] 1#1: OS: Linux 5.15.0-97-generic
2024/03/08 07:01:09 [notice] 1#1: getrlimit(RLIMIT_NOFILE): 1048576:1048576
2024/03/08 07:01:09 [notice] 1#1: start worker processes
2024/03/08 07:01:09 [notice] 1#1: start worker process 29
2024/03/08 07:01:09 [notice] 1#1: start worker process 30
2024/03/08 07:01:09 [notice] 1#1: start worker process 31
2024/03/08 07:01:09 [notice] 1#1: start worker process 32
2024/03/08 07:01:09 [notice] 1#1: start worker process 33
2024/03/08 07:01:09 [notice] 1#1: start worker process 34
2024/03/08 07:01:09 [notice] 1#1: start worker process 35
2024/03/08 07:01:09 [notice] 1#1: start worker process 36
2024/03/08 07:01:09 [notice] 1#1: start worker process 37
2024/03/08 07:01:09 [notice] 1#1: start worker process 38
2024/03/08 07:01:09 [notice] 1#1: start worker process 39
2024/03/08 07:01:09 [notice] 1#1: start worker process 40
2024/03/08 07:01:09 [notice] 1#1: start worker process 41
2024/03/08 07:01:09 [notice] 1#1: start worker process 42
2024/03/08 07:01:09 [notice] 1#1: start worker process 43
2024/03/08 07:01:09 [notice] 1#1: start worker process 44
2024/03/08 07:30:40 [notice] 1#1: using the "epoll" event method
2024/03/08 07:30:40 [notice] 1#1: nginx/1.25.4
2024/03/08 07:30:40 [notice] 1#1: built by gcc 12.2.1 20220924 (Alpine 12.2.1_git20220924-r10) 
2024/03/08 07:30:40 [notice] 1#1: OS: Linux 5.15.0-97-generic
2024/03/08 07:30:40 [notice] 1#1: getrlimit(RLIMIT_NOFILE): 1048576:1048576
2024/03/08 07:30:40 [notice] 1#1: start worker processes
2024/03/08 07:30:40 [notice] 1#1: start worker process 29
2024/03/08 07:30:40 [notice] 1#1: start worker process 30
2024/03/08 07:30:40 [notice] 1#1: start worker process 31
2024/03/08 07:30:40 [notice] 1#1: start worker process 32
2024/03/08 07:30:40 [notice] 1#1: start worker process 33
2024/03/08 07:30:40 [notice] 1#1: start worker process 34
2024/03/08 07:30:40 [notice] 1#1: start worker process 35
2024/03/08 07:30:40 [notice] 1#1: start worker process 36
2024/03/08 07:30:40 [notice] 1#1: start worker process 37
2024/03/08 07:30:40 [notice] 1#1: start worker process 38
2024/03/08 07:30:40 [notice] 1#1: start worker process 39
2024/03/08 07:30:40 [notice] 1#1: start worker process 40
2024/03/08 07:30:40 [notice] 1#1: start worker process 41
2024/03/08 07:30:40 [notice] 1#1: start worker process 42
2024/03/08 07:30:40 [notice] 1#1: start worker process 43
2024/03/08 07:30:40 [notice] 1#1: start worker process 44
2024/03/08 07:30:58 [notice] 1#1: signal 3 (SIGQUIT) received, shutting down
2024/03/08 07:30:58 [notice] 29#29: gracefully shutting down
2024/03/08 07:30:58 [notice] 30#30: gracefully shutting down
2024/03/08 07:30:58 [notice] 31#31: gracefully shutting down
2024/03/08 07:30:58 [notice] 32#32: gracefully shutting down
2024/03/08 07:30:58 [notice] 34#34: gracefully shutting down
2024/03/08 07:30:58 [notice] 33#33: gracefully shutting down
2024/03/08 07:30:58 [notice] 35#35: gracefully shutting down
2024/03/08 07:30:58 [notice] 31#31: exiting
2024/03/08 07:30:58 [notice] 32#32: exiting
2024/03/08 07:30:58 [notice] 34#34: exiting
2024/03/08 07:30:58 [notice] 33#33: exiting
2024/03/08 07:30:58 [notice] 35#35: exiting
2024/03/08 07:30:58 [notice] 40#40: gracefully shutting down
2024/03/08 07:30:58 [notice] 29#29: exiting
2024/03/08 07:30:58 [notice] 40#40: exiting
2024/03/08 07:30:58 [notice] 41#41: gracefully shutting down
2024/03/08 07:30:58 [notice] 38#38: gracefully shutting down
2024/03/08 07:30:58 [notice] 44#44: gracefully shutting down
2024/03/08 07:30:58 [notice] 37#37: gracefully shutting down
2024/03/08 07:30:58 [notice] 41#41: exiting
2024/03/08 07:30:58 [notice] 38#38: exiting
2024/03/08 07:30:58 [notice] 44#44: exiting
2024/03/08 07:30:58 [notice] 32#32: exit
2024/03/08 07:30:58 [notice] 37#37: exiting
2024/03/08 07:30:58 [notice] 34#34: exit
2024/03/08 07:30:58 [notice] 42#42: gracefully shutting down
2024/03/08 07:30:58 [notice] 35#35: exit
2024/03/08 07:30:58 [notice] 31#31: exit
2024/03/08 07:30:58 [notice] 29#29: exit
2024/03/08 07:30:58 [notice] 42#42: exiting
2024/03/08 07:30:58 [notice] 39#39: gracefully shutting down
2024/03/08 07:30:58 [notice] 40#40: exit
2024/03/08 07:30:58 [notice] 39#39: exiting
2024/03/08 07:30:58 [notice] 33#33: exit
2024/03/08 07:30:58 [notice] 42#42: exit
2024/03/08 07:30:58 [notice] 41#41: exit
2024/03/08 07:30:58 [notice] 38#38: exit
2024/03/08 07:30:58 [notice] 44#44: exit
2024/03/08 07:30:58 [notice] 37#37: exit
2024/03/08 07:30:58 [notice] 39#39: exit
2024/03/08 07:30:58 [notice] 36#36: gracefully shutting down
2024/03/08 07:30:58 [notice] 36#36: exiting
2024/03/08 07:30:58 [notice] 36#36: exit
2024/03/08 07:30:58 [notice] 43#43: gracefully shutting down
2024/03/08 07:30:58 [notice] 43#43: exiting
2024/03/08 07:30:58 [notice] 43#43: exit
2024/03/08 07:30:58 [notice] 1#1: signal 17 (SIGCHLD) received from 42
2024/03/08 07:30:58 [notice] 1#1: worker process 39 exited with code 0
2024/03/08 07:30:58 [notice] 1#1: worker process 42 exited with code 0
2024/03/08 07:30:58 [notice] 1#1: signal 29 (SIGIO) received
2024/03/08 07:30:58 [notice] 1#1: signal 17 (SIGCHLD) received from 37
2024/03/08 07:30:58 [notice] 1#1: worker process 37 exited with code 0
2024/03/08 07:30:58 [notice] 1#1: worker process 44 exited with code 0
2024/03/08 07:30:58 [notice] 1#1: signal 29 (SIGIO) received
2024/03/08 07:30:58 [notice] 1#1: signal 17 (SIGCHLD) received from 31
2024/03/08 07:30:58 [notice] 1#1: worker process 31 exited with code 0
2024/03/08 07:30:58 [notice] 1#1: signal 29 (SIGIO) received
2024/03/08 07:30:58 [notice] 1#1: signal 17 (SIGCHLD) received from 40
2024/03/08 07:30:58 [notice] 1#1: worker process 38 exited with code 0
2024/03/08 07:30:58 [notice] 1#1: worker process 40 exited with code 0
2024/03/08 07:30:58 [notice] 1#1: signal 29 (SIGIO) received
2024/03/08 07:30:58 [notice] 1#1: signal 17 (SIGCHLD) received from 38
2024/03/08 07:30:58 [notice] 1#1: signal 17 (SIGCHLD) received from 32
2024/03/08 07:30:58 [notice] 1#1: worker process 32 exited with code 0
2024/03/08 07:30:58 [notice] 1#1: signal 29 (SIGIO) received
2024/03/08 07:30:58 [notice] 1#1: signal 17 (SIGCHLD) received from 43
2024/03/08 07:30:58 [notice] 1#1: worker process 41 exited with code 0
2024/03/08 07:30:58 [notice] 1#1: worker process 43 exited with code 0
2024/03/08 07:30:58 [notice] 1#1: signal 29 (SIGIO) received
2024/03/08 07:30:58 [notice] 1#1: signal 17 (SIGCHLD) received from 41
2024/03/08 07:30:58 [notice] 1#1: signal 17 (SIGCHLD) received from 34
2024/03/08 07:30:58 [notice] 1#1: worker process 34 exited with code 0
2024/03/08 07:30:58 [notice] 1#1: signal 29 (SIGIO) received
2024/03/08 07:30:58 [notice] 1#1: signal 17 (SIGCHLD) received from 33
2024/03/08 07:30:58 [notice] 1#1: worker process 33 exited with code 0
2024/03/08 07:30:58 [notice] 1#1: signal 29 (SIGIO) received
2024/03/08 07:30:58 [notice] 1#1: signal 17 (SIGCHLD) received from 29
2024/03/08 07:30:58 [notice] 1#1: worker process 29 exited with code 0
2024/03/08 07:30:58 [notice] 1#1: signal 29 (SIGIO) received
2024/03/08 07:30:58 [notice] 1#1: signal 17 (SIGCHLD) received from 36
2024/03/08 07:30:58 [notice] 1#1: worker process 36 exited with code 0
2024/03/08 07:30:58 [notice] 1#1: signal 29 (SIGIO) received
2024/03/08 07:30:58 [notice] 1#1: signal 17 (SIGCHLD) received from 35
2024/03/08 07:30:58 [notice] 1#1: worker process 35 exited with code 0
2024/03/08 07:30:58 [notice] 1#1: signal 29 (SIGIO) received
2024/03/08 07:30:58 [notice] 30#30: exiting
2024/03/08 07:30:58 [notice] 30#30: exit
2024/03/08 07:30:58 [notice] 1#1: signal 17 (SIGCHLD) received from 30
2024/03/08 07:30:58 [notice] 1#1: worker process 30 exited with code 0
2024/03/08 07:30:58 [notice] 1#1: exit
2024/03/08 07:37:09 [notice] 1#1: using the "epoll" event method
2024/03/08 07:37:09 [notice] 1#1: nginx/1.25.4
2024/03/08 07:37:09 [notice] 1#1: built by gcc 12.2.1 20220924 (Alpine 12.2.1_git20220924-r10) 
2024/03/08 07:37:09 [notice] 1#1: OS: Linux 5.15.0-97-generic
2024/03/08 07:37:09 [notice] 1#1: getrlimit(RLIMIT_NOFILE): 1048576:1048576
2024/03/08 07:37:09 [notice] 1#1: start worker processes
2024/03/08 07:37:09 [notice] 1#1: start worker process 29
2024/03/08 07:37:09 [notice] 1#1: start worker process 30
2024/03/08 07:37:09 [notice] 1#1: start worker process 31
2024/03/08 07:37:09 [notice] 1#1: start worker process 32
2024/03/08 07:37:09 [notice] 1#1: start worker process 33
2024/03/08 07:37:09 [notice] 1#1: start worker process 34
2024/03/08 07:37:09 [notice] 1#1: start worker process 35
2024/03/08 07:37:09 [notice] 1#1: start worker process 36
2024/03/08 07:37:09 [notice] 1#1: start worker process 37
2024/03/08 07:37:09 [notice] 1#1: start worker process 38
2024/03/08 07:37:09 [notice] 1#1: start worker process 39
2024/03/08 07:37:09 [notice] 1#1: start worker process 40
2024/03/08 07:37:09 [notice] 1#1: start worker process 41
2024/03/08 07:37:09 [notice] 1#1: start worker process 42
2024/03/08 07:37:09 [notice] 1#1: start worker process 43
2024/03/08 07:37:09 [notice] 1#1: start worker process 44
2024/03/08 07:37:20 [notice] 1#1: signal 3 (SIGQUIT) received, shutting down
2024/03/08 07:37:20 [notice] 30#30: gracefully shutting down
2024/03/08 07:37:20 [notice] 33#33: gracefully shutting down
2024/03/08 07:37:20 [notice] 32#32: gracefully shutting down
2024/03/08 07:37:20 [notice] 34#34: gracefully shutting down
2024/03/08 07:37:20 [notice] 31#31: gracefully shutting down
2024/03/08 07:37:20 [notice] 36#36: gracefully shutting down
2024/03/08 07:37:20 [notice] 33#33: exiting
2024/03/08 07:37:20 [notice] 32#32: exiting
2024/03/08 07:37:20 [notice] 34#34: exiting
2024/03/08 07:37:20 [notice] 31#31: exiting
2024/03/08 07:37:20 [notice] 36#36: exiting
2024/03/08 07:37:20 [notice] 35#35: gracefully shutting down
2024/03/08 07:37:20 [notice] 43#43: gracefully shutting down
2024/03/08 07:37:20 [notice] 35#35: exiting
2024/03/08 07:37:20 [notice] 43#43: exiting
2024/03/08 07:37:20 [notice] 44#44: gracefully shutting down
2024/03/08 07:37:20 [notice] 44#44: exiting
2024/03/08 07:37:20 [notice] 32#32: exit
2024/03/08 07:37:20 [notice] 33#33: exit
2024/03/08 07:37:20 [notice] 36#36: exit
2024/03/08 07:37:20 [notice] 34#34: exit
2024/03/08 07:37:20 [notice] 31#31: exit
2024/03/08 07:37:20 [notice] 43#43: exit
2024/03/08 07:37:20 [notice] 35#35: exit
2024/03/08 07:37:20 [notice] 44#44: exit
2024/03/08 07:37:20 [notice] 42#42: gracefully shutting down
2024/03/08 07:37:20 [notice] 37#37: gracefully shutting down
2024/03/08 07:37:20 [notice] 42#42: exiting
2024/03/08 07:37:20 [notice] 37#37: exiting
2024/03/08 07:37:20 [notice] 29#29: gracefully shutting down
2024/03/08 07:37:20 [notice] 42#42: exit
2024/03/08 07:37:20 [notice] 37#37: exit
2024/03/08 07:37:20 [notice] 29#29: exiting
2024/03/08 07:37:20 [notice] 41#41: gracefully shutting down
2024/03/08 07:37:20 [notice] 41#41: exiting
2024/03/08 07:37:20 [notice] 29#29: exit
2024/03/08 07:37:20 [notice] 39#39: gracefully shutting down
2024/03/08 07:37:20 [notice] 41#41: exit
2024/03/08 07:37:20 [notice] 39#39: exiting
2024/03/08 07:37:20 [notice] 40#40: gracefully shutting down
2024/03/08 07:37:20 [notice] 40#40: exiting
2024/03/08 07:37:20 [notice] 39#39: exit
2024/03/08 07:37:20 [notice] 40#40: exit
2024/03/08 07:37:20 [notice] 38#38: gracefully shutting down
2024/03/08 07:37:20 [notice] 38#38: exiting
2024/03/08 07:37:20 [notice] 38#38: exit
2024/03/08 07:37:20 [notice] 1#1: signal 17 (SIGCHLD) received from 40
2024/03/08 07:37:20 [notice] 1#1: worker process 31 exited with code 0
2024/03/08 07:37:20 [notice] 1#1: worker process 32 exited with code 0
2024/03/08 07:37:20 [notice] 1#1: worker process 40 exited with code 0
2024/03/08 07:37:20 [notice] 1#1: signal 29 (SIGIO) received
2024/03/08 07:37:20 [notice] 1#1: signal 17 (SIGCHLD) received from 31
2024/03/08 07:37:20 [notice] 1#1: signal 17 (SIGCHLD) received from 41
2024/03/08 07:37:20 [notice] 1#1: worker process 41 exited with code 0
2024/03/08 07:37:20 [notice] 1#1: signal 29 (SIGIO) received
2024/03/08 07:37:20 [notice] 1#1: signal 17 (SIGCHLD) received from 29
2024/03/08 07:37:20 [notice] 1#1: worker process 29 exited with code 0
2024/03/08 07:37:20 [notice] 1#1: signal 29 (SIGIO) received
2024/03/08 07:37:20 [notice] 1#1: signal 17 (SIGCHLD) received from 36
2024/03/08 07:37:20 [notice] 1#1: worker process 36 exited with code 0
2024/03/08 07:37:20 [notice] 1#1: worker process 38 exited with code 0
2024/03/08 07:37:20 [notice] 1#1: worker process 42 exited with code 0
2024/03/08 07:37:20 [notice] 1#1: worker process 43 exited with code 0
2024/03/08 07:37:20 [notice] 1#1: signal 29 (SIGIO) received
2024/03/08 07:37:20 [notice] 1#1: signal 17 (SIGCHLD) received from 43
2024/03/08 07:37:20 [notice] 1#1: signal 17 (SIGCHLD) received from 34
2024/03/08 07:37:20 [notice] 1#1: worker process 34 exited with code 0
2024/03/08 07:37:20 [notice] 1#1: signal 17 (SIGCHLD) received from 39
2024/03/08 07:37:20 [notice] 1#1: worker process 35 exited with code 0
2024/03/08 07:37:20 [notice] 1#1: worker process 39 exited with code 0
2024/03/08 07:37:20 [notice] 1#1: signal 17 (SIGCHLD) received from 35
2024/03/08 07:37:20 [notice] 1#1: signal 29 (SIGIO) received
2024/03/08 07:37:20 [notice] 1#1: signal 29 (SIGIO) received
2024/03/08 07:37:20 [notice] 1#1: signal 17 (SIGCHLD) received from 37
2024/03/08 07:37:20 [notice] 1#1: worker process 37 exited with code 0
2024/03/08 07:37:20 [notice] 1#1: signal 29 (SIGIO) received
2024/03/08 07:37:20 [notice] 1#1: signal 17 (SIGCHLD) received from 44
2024/03/08 07:37:20 [notice] 1#1: worker process 44 exited with code 0
2024/03/08 07:37:20 [notice] 1#1: signal 29 (SIGIO) received
2024/03/08 07:37:20 [notice] 1#1: signal 17 (SIGCHLD) received from 33
2024/03/08 07:37:20 [notice] 1#1: worker process 33 exited with code 0
2024/03/08 07:37:20 [notice] 1#1: signal 29 (SIGIO) received
2024/03/08 07:37:20 [notice] 30#30: exiting
2024/03/08 07:37:20 [notice] 30#30: exit
2024/03/08 07:37:20 [notice] 1#1: signal 17 (SIGCHLD) received from 30
2024/03/08 07:37:20 [notice] 1#1: worker process 30 exited with code 0
2024/03/08 07:37:20 [notice] 1#1: exit
2024/03/08 08:23:00 [notice] 1#1: using the "epoll" event method
2024/03/08 08:23:00 [notice] 1#1: nginx/1.25.4
2024/03/08 08:23:00 [notice] 1#1: built by gcc 12.2.1 20220924 (Alpine 12.2.1_git20220924-r10) 
2024/03/08 08:23:00 [notice] 1#1: OS: Linux 5.15.0-97-generic
2024/03/08 08:23:00 [notice] 1#1: getrlimit(RLIMIT_NOFILE): 1048576:1048576
2024/03/08 08:23:00 [notice] 1#1: start worker processes
2024/03/08 08:23:00 [notice] 1#1: start worker process 29
2024/03/08 08:23:00 [notice] 1#1: start worker process 30
2024/03/08 08:23:00 [notice] 1#1: start worker process 31
2024/03/08 08:23:00 [notice] 1#1: start worker process 32
2024/03/08 08:23:00 [notice] 1#1: start worker process 33
2024/03/08 08:23:00 [notice] 1#1: start worker process 34
2024/03/08 08:23:00 [notice] 1#1: start worker process 35
2024/03/08 08:23:00 [notice] 1#1: start worker process 36
2024/03/08 08:23:00 [notice] 1#1: start worker process 37
2024/03/08 08:23:00 [notice] 1#1: start worker process 38
2024/03/08 08:23:00 [notice] 1#1: start worker process 39
2024/03/08 08:23:00 [notice] 1#1: start worker process 40
2024/03/08 08:23:00 [notice] 1#1: start worker process 41
2024/03/08 08:23:00 [notice] 1#1: start worker process 42
2024/03/08 08:23:00 [notice] 1#1: start worker process 43
2024/03/08 08:23:00 [notice] 1#1: start worker process 44
2024/03/08 08:23:14 [error] 31#31: *11 FastCGI sent in stderr: "Primary script unknown" while reading response header from upstream, client: 172.26.0.1, server: localhost, request: "GET /js/messages.php?l=en&v=5.2.1 HTTP/1.1", upstream: "fastcgi://172.26.0.3:9000", host: "localhost:8000"
2024/03/08 08:36:48 [notice] 1#1: using the "epoll" event method
2024/03/08 08:36:48 [notice] 1#1: nginx/1.25.4
2024/03/08 08:36:48 [notice] 1#1: built by gcc 12.2.1 20220924 (Alpine 12.2.1_git20220924-r10) 
2024/03/08 08:36:48 [notice] 1#1: OS: Linux 5.15.0-97-generic
2024/03/08 08:36:48 [notice] 1#1: getrlimit(RLIMIT_NOFILE): 1048576:1048576
2024/03/08 08:36:48 [notice] 1#1: start worker processes
2024/03/08 08:36:48 [notice] 1#1: start worker process 29
2024/03/08 08:36:48 [notice] 1#1: start worker process 30
2024/03/08 08:36:48 [notice] 1#1: start worker process 31
2024/03/08 08:36:48 [notice] 1#1: start worker process 32
2024/03/08 08:36:48 [notice] 1#1: start worker process 33
2024/03/08 08:36:48 [notice] 1#1: start worker process 34
2024/03/08 08:36:48 [notice] 1#1: start worker process 35
2024/03/08 08:36:48 [notice] 1#1: start worker process 36
2024/03/08 08:36:48 [notice] 1#1: start worker process 37
2024/03/08 08:36:48 [notice] 1#1: start worker process 38
2024/03/08 08:36:48 [notice] 1#1: start worker process 39
2024/03/08 08:36:48 [notice] 1#1: start worker process 40
2024/03/08 08:36:48 [notice] 1#1: start worker process 41
2024/03/08 08:36:48 [notice] 1#1: start worker process 42
2024/03/08 08:36:48 [notice] 1#1: start worker process 43
2024/03/08 08:36:48 [notice] 1#1: start worker process 44
2024/03/08 08:48:54 [notice] 1#1: signal 3 (SIGQUIT) received, shutting down
2024/03/08 08:48:54 [notice] 29#29: gracefully shutting down
2024/03/08 08:48:54 [notice] 31#31: gracefully shutting down
2024/03/08 08:48:54 [notice] 32#32: gracefully shutting down
2024/03/08 08:48:54 [notice] 34#34: gracefully shutting down
2024/03/08 08:48:54 [notice] 37#37: gracefully shutting down
2024/03/08 08:48:54 [notice] 36#36: gracefully shutting down
2024/03/08 08:48:54 [notice] 29#29: exiting
2024/03/08 08:48:54 [notice] 40#40: gracefully shutting down
2024/03/08 08:48:54 [notice] 35#35: gracefully shutting down
2024/03/08 08:48:54 [notice] 39#39: gracefully shutting down
2024/03/08 08:48:54 [notice] 31#31: exiting
2024/03/08 08:48:54 [notice] 42#42: gracefully shutting down
2024/03/08 08:48:54 [notice] 44#44: gracefully shutting down
2024/03/08 08:48:54 [notice] 43#43: gracefully shutting down
2024/03/08 08:48:54 [notice] 32#32: exiting
2024/03/08 08:48:54 [notice] 34#34: exiting
2024/03/08 08:48:54 [notice] 37#37: exiting
2024/03/08 08:48:54 [notice] 36#36: exiting
2024/03/08 08:48:54 [notice] 41#41: gracefully shutting down
2024/03/08 08:48:54 [notice] 40#40: exiting
2024/03/08 08:48:54 [notice] 35#35: exiting
2024/03/08 08:48:54 [notice] 39#39: exiting
2024/03/08 08:48:54 [notice] 42#42: exiting
2024/03/08 08:48:54 [notice] 44#44: exiting
2024/03/08 08:48:54 [notice] 43#43: exiting
2024/03/08 08:48:54 [notice] 41#41: exiting
2024/03/08 08:48:54 [notice] 29#29: exit
2024/03/08 08:48:54 [notice] 31#31: exit
2024/03/08 08:48:54 [notice] 33#33: gracefully shutting down
2024/03/08 08:48:54 [notice] 32#32: exit
2024/03/08 08:48:54 [notice] 33#33: exiting
2024/03/08 08:48:54 [notice] 37#37: exit
2024/03/08 08:48:54 [notice] 34#34: exit
2024/03/08 08:48:54 [notice] 44#44: exit
2024/03/08 08:48:54 [notice] 42#42: exit
2024/03/08 08:48:54 [notice] 43#43: exit
2024/03/08 08:48:54 [notice] 40#40: exit
2024/03/08 08:48:54 [notice] 41#41: exit
2024/03/08 08:48:54 [notice] 36#36: exit
2024/03/08 08:48:54 [notice] 35#35: exit
2024/03/08 08:48:54 [notice] 39#39: exit
2024/03/08 08:48:54 [notice] 33#33: exit
2024/03/08 08:48:54 [notice] 38#38: gracefully shutting down
2024/03/08 08:48:54 [notice] 38#38: exiting
2024/03/08 08:48:54 [notice] 38#38: exit
2024/03/08 08:48:54 [notice] 30#30: gracefully shutting down
2024/03/08 08:48:54 [notice] 30#30: exiting
2024/03/08 08:48:54 [notice] 30#30: exit
2024/03/08 08:48:54 [notice] 1#1: signal 17 (SIGCHLD) received from 44
2024/03/08 08:48:54 [notice] 1#1: worker process 44 exited with code 0
2024/03/08 08:48:54 [notice] 1#1: signal 29 (SIGIO) received
2024/03/08 08:48:54 [notice] 1#1: signal 17 (SIGCHLD) received from 33
2024/03/08 08:48:54 [notice] 1#1: worker process 33 exited with code 0
2024/03/08 08:48:54 [notice] 1#1: signal 29 (SIGIO) received
2024/03/08 08:48:54 [notice] 1#1: signal 17 (SIGCHLD) received from 32
2024/03/08 08:48:54 [notice] 1#1: worker process 32 exited with code 0
2024/03/08 08:48:54 [notice] 1#1: worker process 38 exited with code 0
2024/03/08 08:48:54 [notice] 1#1: signal 29 (SIGIO) received
2024/03/08 08:48:54 [notice] 1#1: signal 17 (SIGCHLD) received from 38
2024/03/08 08:48:54 [notice] 1#1: signal 17 (SIGCHLD) received from 40
2024/03/08 08:48:54 [notice] 1#1: worker process 40 exited with code 0
2024/03/08 08:48:54 [notice] 1#1: signal 29 (SIGIO) received
2024/03/08 08:48:54 [notice] 1#1: signal 17 (SIGCHLD) received from 29
2024/03/08 08:48:54 [notice] 1#1: worker process 29 exited with code 0
2024/03/08 08:48:54 [notice] 1#1: worker process 30 exited with code 0
2024/03/08 08:48:54 [notice] 1#1: signal 29 (SIGIO) received
2024/03/08 08:48:54 [notice] 1#1: signal 17 (SIGCHLD) received from 30
2024/03/08 08:48:54 [notice] 1#1: worker process 34 exited with code 0
2024/03/08 08:48:54 [notice] 1#1: signal 29 (SIGIO) received
2024/03/08 08:48:54 [notice] 1#1: signal 17 (SIGCHLD) received from 37
2024/03/08 08:48:54 [notice] 1#1: worker process 36 exited with code 0
2024/03/08 08:48:54 [notice] 1#1: worker process 37 exited with code 0
2024/03/08 08:48:54 [notice] 1#1: signal 29 (SIGIO) received
2024/03/08 08:48:54 [notice] 1#1: signal 17 (SIGCHLD) received from 36
2024/03/08 08:48:54 [notice] 1#1: worker process 39 exited with code 0
2024/03/08 08:48:54 [notice] 1#1: signal 29 (SIGIO) received
2024/03/08 08:48:54 [notice] 1#1: signal 17 (SIGCHLD) received from 43
2024/03/08 08:48:54 [notice] 1#1: worker process 43 exited with code 0
2024/03/08 08:48:54 [notice] 1#1: signal 29 (SIGIO) received
2024/03/08 08:48:54 [notice] 1#1: signal 17 (SIGCHLD) received from 42
2024/03/08 08:48:54 [notice] 1#1: worker process 42 exited with code 0
2024/03/08 08:48:54 [notice] 1#1: signal 29 (SIGIO) received
2024/03/08 08:48:54 [notice] 1#1: signal 17 (SIGCHLD) received from 35
2024/03/08 08:48:54 [notice] 1#1: worker process 35 exited with code 0
2024/03/08 08:48:54 [notice] 1#1: signal 29 (SIGIO) received
2024/03/08 08:48:54 [notice] 1#1: signal 17 (SIGCHLD) received from 31
2024/03/08 08:48:54 [notice] 1#1: worker process 31 exited with code 0
2024/03/08 08:48:54 [notice] 1#1: signal 29 (SIGIO) received
2024/03/08 08:48:54 [notice] 1#1: signal 17 (SIGCHLD) received from 41
2024/03/08 08:48:54 [notice] 1#1: worker process 41 exited with code 0
2024/03/08 08:48:54 [notice] 1#1: exit
2024/03/08 08:49:17 [notice] 1#1: using the "epoll" event method
2024/03/08 08:49:17 [notice] 1#1: nginx/1.25.4
2024/03/08 08:49:17 [notice] 1#1: built by gcc 12.2.1 20220924 (Alpine 12.2.1_git20220924-r10) 
2024/03/08 08:49:17 [notice] 1#1: OS: Linux 5.15.0-97-generic
2024/03/08 08:49:17 [notice] 1#1: getrlimit(RLIMIT_NOFILE): 1048576:1048576
2024/03/08 08:49:17 [notice] 1#1: start worker processes
2024/03/08 08:49:17 [notice] 1#1: start worker process 29
2024/03/08 08:49:17 [notice] 1#1: start worker process 30
2024/03/08 08:49:17 [notice] 1#1: start worker process 31
2024/03/08 08:49:17 [notice] 1#1: start worker process 32
2024/03/08 08:49:17 [notice] 1#1: start worker process 33
2024/03/08 08:49:17 [notice] 1#1: start worker process 34
2024/03/08 08:49:17 [notice] 1#1: start worker process 35
2024/03/08 08:49:17 [notice] 1#1: start worker process 36
2024/03/08 08:49:17 [notice] 1#1: start worker process 37
2024/03/08 08:49:17 [notice] 1#1: start worker process 38
2024/03/08 08:49:17 [notice] 1#1: start worker process 39
2024/03/08 08:49:17 [notice] 1#1: start worker process 40
2024/03/08 08:49:17 [notice] 1#1: start worker process 41
2024/03/08 08:49:17 [notice] 1#1: start worker process 42
2024/03/08 08:49:17 [notice] 1#1: start worker process 43
2024/03/08 08:49:17 [notice] 1#1: start worker process 44
2024/03/08 08:54:40 [notice] 1#1: using the "epoll" event method
2024/03/08 08:54:40 [notice] 1#1: nginx/1.25.4
2024/03/08 08:54:40 [notice] 1#1: built by gcc 12.2.1 20220924 (Alpine 12.2.1_git20220924-r10) 
2024/03/08 08:54:40 [notice] 1#1: OS: Linux 5.15.0-97-generic
2024/03/08 08:54:40 [notice] 1#1: getrlimit(RLIMIT_NOFILE): 1048576:1048576
2024/03/08 08:54:40 [notice] 1#1: start worker processes
2024/03/08 08:54:40 [notice] 1#1: start worker process 29
2024/03/08 08:54:40 [notice] 1#1: start worker process 30
2024/03/08 08:54:40 [notice] 1#1: start worker process 31
2024/03/08 08:54:40 [notice] 1#1: start worker process 32
2024/03/08 08:54:40 [notice] 1#1: start worker process 33
2024/03/08 08:54:40 [notice] 1#1: start worker process 34
2024/03/08 08:54:40 [notice] 1#1: start worker process 35
2024/03/08 08:54:40 [notice] 1#1: start worker process 36
2024/03/08 08:54:40 [notice] 1#1: start worker process 37
2024/03/08 08:54:40 [notice] 1#1: start worker process 38
2024/03/08 08:54:40 [notice] 1#1: start worker process 39
2024/03/08 08:54:40 [notice] 1#1: start worker process 40
2024/03/08 08:54:40 [notice] 1#1: start worker process 41
2024/03/08 08:54:40 [notice] 1#1: start worker process 42
2024/03/08 08:54:40 [notice] 1#1: start worker process 43
2024/03/08 08:54:40 [notice] 1#1: start worker process 44
